#
# A fatal error has been detected by the Java Runtime Environment:
#
#  EXCEPTION_ACCESS_VIOLATION (0xc0000005) at pc=0x000007fee5cba514, pid=5604, tid=0x00000000000017c8
#
# JRE version: OpenJDK Runtime Environment (8.0_76-b03) (build 1.8.0_76-release-b03)
# Java VM: OpenJDK 64-Bit Server VM (25.76-b03 mixed mode windows-amd64 compressed oops)
# Problematic frame:
# C  [ig75icd64.dll+0x9a514]
#
# Failed to write core dump. Minidumps are not enabled by default on client versions of Windows
#
# If you would like to submit a bug report, please visit:
#   http://bugreport.java.com/bugreport/crash.jsp
# The crash happened outside the Java Virtual Machine in native code.
# See problematic frame for where to report the bug.
#

---------------  T H R E A D  ---------------

Current thread (0x000000005763f800):  JavaThread "LWJGL Application" [_thread_in_native, id=6088, stack(0x0000000058010000,0x0000000058110000)]

siginfo: ExceptionCode=0xc0000005, reading address 0x000000005ba58000

Registers:
RAX=0x0000000000001389, RBX=0x000000005d2f0000, RCX=0x0000000000000000, RDX=0x000000005ba57fe8
RSP=0x000000005810bcd0, RBP=0x000000005810be00, RSI=0x000000005b43fc30, RDI=0x000000005d38c480
R8 =0x00000000001296c4, R9 =0x000000000000252d, R10=0x0000000000001389, R11=0x0000000000000206
R12=0x000000005b9bbb68, R13=0x0000000000000000, R14=0x000000005810c460, R15=0x0000000000000004
RIP=0x000007fee5cba514, EFLAGS=0x0000000000010297

Top of Stack: (sp=0x000000005810bcd0)
0x000000005810bcd0:   0000000040400000 0000000000000000
0x000000005810bce0:   0000000040400000 0000000000000000
0x000000005810bcf0:   0000000000146980 000007fee5e9ddd5
0x000000005810bd00:   0000000000000002 000000005b43fc30
0x000000005810bd10:   000000005810be00 000000005763f800
0x000000005810bd20:   0000000015618401 000000005763f801
0x000000005810bd30:   000000005810c460 00000000001296d4
0x000000005810bd40:   0000000315618448 0000000000000000
0x000000005810bd50:   0000000055bd1268 000000000016aeb0
0x000000005810bd60:   0000000000000000 000000006c3e8980
0x000000005810bd70:   00000000000004da 0000000000000000
0x000000005810bd80:   0000000000000000 000000005810bff0
0x000000005810bd90:   000000005763f800 0000000002260634
0x000000005810bda0:   0000000000000000 000000005b67bf90
0x000000005810bdb0:   0000000000000000 0000000000000000
0x000000005810bdc0:   0000000002260650 000000000000001c 

Instructions: (pc=0x000007fee5cba514)
0x000007fee5cba4f4:   49 c1 e9 07 f6 c2 0f 0f 84 b0 00 00 00 4d 85 c9
0x000007fee5cba504:   74 6c 66 66 0f 1f 84 00 00 00 00 00 f3 0f 6f 3a
0x000007fee5cba514:   f3 0f 6f 72 10 f3 0f 6f 6a 20 41 ff c2 48 83 ef
0x000007fee5cba524:   80 41 8b c2 f3 0f 6f 62 30 f3 0f 6f 5a 40 f3 0f 


Register to memory mapping:

RAX=0x0000000000001389 is an unknown value
RBX=0x000000005d2f0000 is an unknown value
RCX=0x0000000000000000 is an unknown value
RDX=0x000000005ba57fe8 is an unknown value
RSP=0x000000005810bcd0 is pointing into the stack for thread: 0x000000005763f800
RBP=0x000000005810be00 is pointing into the stack for thread: 0x000000005763f800
RSI=0x000000005b43fc30 is an unknown value
RDI=0x000000005d38c480 is an unknown value
R8 =0x00000000001296c4 is an unknown value
R9 =0x000000000000252d is an unknown value
R10=0x0000000000001389 is an unknown value
R11=0x0000000000000206 is an unknown value
R12=0x000000005b9bbb68 is an unknown value
R13=0x0000000000000000 is an unknown value
R14=0x000000005810c460 is pointing into the stack for thread: 0x000000005763f800
R15=0x0000000000000004 is an unknown value


Stack: [0x0000000058010000,0x0000000058110000],  sp=0x000000005810bcd0,  free space=1007k
Native frames: (J=compiled Java code, j=interpreted, Vv=VM code, C=native code)
C  [ig75icd64.dll+0x9a514]
C  [ig75icd64.dll+0x27ddd5]
C  [ig75icd64.dll+0x1b8f29]
C  [ig75icd64.dll+0x28646f]
C  [ig75icd64.dll+0x2861c6]
C  [ig75icd64.dll+0x2a6cf3]
C  [ig75icd64.dll+0x23fb6e]
C  [ig75icd64.dll+0x4b4a1a]
C  [ig75icd64.dll+0x4b4fe1]
C  0x0000000002d978dc

Java frames: (J=compiled Java code, j=interpreted, Vv=VM code)
J 1085  org.lwjgl.opengl.GL11.nglDrawElements(IIIJJ)V (0 bytes) @ 0x0000000002d97856 [0x0000000002d97800+0x56]
J 1057 C1 org.lwjgl.opengl.GL11.glDrawElements(ILjava/nio/ShortBuffer;)V (38 bytes) @ 0x0000000002d85c1c [0x0000000002d85380+0x89c]
J 1066 C1 com.badlogic.gdx.backends.lwjgl.LwjglGL20.glDrawElements(IIILjava/nio/Buffer;)V (124 bytes) @ 0x0000000002d90394 [0x0000000002d8f660+0xd34]
J 1053 C1 com.badlogic.gdx.graphics.Mesh.render(Lcom/badlogic/gdx/graphics/glutils/ShaderProgram;IIIZ)V (257 bytes) @ 0x0000000002d7a2e4 [0x0000000002d79c40+0x6a4]
J 1036 C1 com.badlogic.gdx.graphics.g2d.SpriteBatch.flush()V (193 bytes) @ 0x0000000002d6eafc [0x0000000002d6d240+0x18bc]
J 1093 C2 com.badlogic.gdx.graphics.g2d.SpriteBatch.draw(Lcom/badlogic/gdx/graphics/g2d/TextureRegion;FFFFFFFFF)V (619 bytes) @ 0x0000000002d9c484 [0x0000000002d9c0e0+0x3a4]
J 1153 C2 com.mygdx.game.Pause.PauseScreen.updateBodyPartAndRender(FLcom/badlogic/gdx/graphics/g2d/SpriteBatch;)V (44 bytes) @ 0x0000000002dcd0c4 [0x0000000002dcce80+0x244]
J 1143 C1 com.mygdx.game.Pause.PauseScreen.render(F)V (532 bytes) @ 0x0000000002dbfc14 [0x0000000002dbdc60+0x1fb4]
j  com.badlogic.gdx.Game.render()V+19
j  com.mygdx.game.ZombiKiller.render()V+1
j  com.badlogic.gdx.backends.lwjgl.LwjglApplication.mainLoop()V+698
j  com.badlogic.gdx.backends.lwjgl.LwjglApplication$1.run()V+27
v  ~StubRoutines::call_stub

---------------  P R O C E S S  ---------------

Java Threads: ( => current thread )
  0x0000000058212800 JavaThread "Client" daemon [_thread_in_native, id=5392, stack(0x000000005d440000,0x000000005d540000)]
  0x000000005750e000 JavaThread "LWJGL Timer" daemon [_thread_blocked, id=6344, stack(0x0000000060d40000,0x0000000060e40000)]
  0x000000005831f000 JavaThread "AsynchExecutor-Thread" daemon [_thread_blocked, id=4284, stack(0x000000005b830000,0x000000005b930000)]
  0x0000000002120000 JavaThread "DestroyJavaVM" [_thread_blocked, id=2564, stack(0x0000000002600000,0x0000000002700000)]
=>0x000000005763f800 JavaThread "LWJGL Application" [_thread_in_native, id=6088, stack(0x0000000058010000,0x0000000058110000)]
  0x0000000057484000 JavaThread "Monitor Ctrl-Break" daemon [_thread_in_native, id=1480, stack(0x0000000057b20000,0x0000000057c20000)]
  0x0000000055fed000 JavaThread "Service Thread" daemon [_thread_blocked, id=3204, stack(0x00000000579b0000,0x0000000057ab0000)]
  0x0000000055fe9000 JavaThread "C1 CompilerThread1" daemon [_thread_blocked, id=296, stack(0x00000000577b0000,0x00000000578b0000)]
  0x0000000055f8e800 JavaThread "C2 CompilerThread0" daemon [_thread_blocked, id=5316, stack(0x0000000057170000,0x0000000057270000)]
  0x0000000055f8d000 JavaThread "Attach Listener" daemon [_thread_blocked, id=4360, stack(0x0000000056e40000,0x0000000056f40000)]
  0x0000000055f89800 JavaThread "Signal Dispatcher" daemon [_thread_blocked, id=4516, stack(0x0000000056f40000,0x0000000057040000)]
  0x0000000055f70000 JavaThread "Finalizer" daemon [_thread_blocked, id=4636, stack(0x0000000056870000,0x0000000056970000)]
  0x0000000055f27000 JavaThread "Reference Handler" daemon [_thread_blocked, id=2608, stack(0x0000000056c50000,0x0000000056d50000)]

Other Threads:
  0x0000000055f1d000 VMThread [stack: 0x0000000056a60000,0x0000000056b60000] [id=5048]
  0x0000000055fee000 WatcherThread [stack: 0x00000000578b0000,0x00000000579b0000] [id=3036]

VM state:not at safepoint (normal execution)

VM Mutex/Monitor currently owned by a thread: None

Heap:
 PSYoungGen      total 28672K, used 15202K [0x00000000e0a00000, 0x00000000e2a00000, 0x0000000100000000)
  eden space 24576K, 45% used [0x00000000e0a00000,0x00000000e14de100,0x00000000e2200000)
  from space 4096K, 99% used [0x00000000e2200000,0x00000000e25faa28,0x00000000e2600000)
  to   space 4096K, 0% used [0x00000000e2600000,0x00000000e2600000,0x00000000e2a00000)
 ParOldGen       total 65536K, used 461K [0x00000000a1e00000, 0x00000000a5e00000, 0x00000000e0a00000)
  object space 65536K, 0% used [0x00000000a1e00000,0x00000000a1e73748,0x00000000a5e00000)
 Metaspace       used 10693K, capacity 10869K, committed 11136K, reserved 1058816K
  class space    used 1029K, capacity 1115K, committed 1152K, reserved 1048576K

Card table byte_map: [0x0000000011d90000,0x0000000012090000] byte_map_base: 0x0000000011881000

Marking Bits: (ParMarkBitMap*) 0x000000006cb09d00
 Begin Bits: [0x00000000123e0000, 0x0000000013b68000)
 End Bits:   [0x0000000013b68000, 0x00000000152f0000)

Polling page: 0x0000000000430000

CodeCache: size=245760Kb used=4368Kb max_used=4370Kb free=241391Kb
 bounds [0x00000000029d0000, 0x0000000002e20000, 0x00000000119d0000]
 total_blobs=1741 nmethods=1243 adapters=413
 compilation: enabled

Compilation events (10 events):
Event: 17.569 Thread 0x0000000055f8e800 1238       4       com.badlogic.gdx.graphics.g2d.BitmapFont$BitmapFontData::getGlyph (25 bytes)
Event: 17.570 Thread 0x0000000055f8e800 nmethod 1238 0x0000000002e0c5d0 code [0x0000000002e0c720, 0x0000000002e0c7f8]
Event: 17.586 Thread 0x0000000055fe9000 1240       3       java.net.InetSocketAddress::getAddress (8 bytes)
Event: 17.586 Thread 0x0000000055fe9000 nmethod 1240 0x0000000002e16b10 code [0x0000000002e16c80, 0x0000000002e16e50]
Event: 17.587 Thread 0x0000000055fe9000 1241       3       com.esotericsoftware.kryo.Kryo::getContext (23 bytes)
Event: 17.587 Thread 0x0000000055fe9000 nmethod 1241 0x0000000002e165d0 code [0x0000000002e16760, 0x0000000002e16a28]
Event: 17.587 Thread 0x0000000055fe9000 1242       3       java.nio.channels.spi.AbstractInterruptibleChannel::begin (48 bytes)
Event: 17.587 Thread 0x0000000055fe9000 nmethod 1242 0x0000000002e156d0 code [0x0000000002e158a0, 0x0000000002e161d8]
Event: 17.587 Thread 0x0000000055fe9000 1243       3       java.nio.channels.spi.AbstractInterruptibleChannel::end (50 bytes)
Event: 17.588 Thread 0x0000000055fe9000 nmethod 1243 0x0000000002e14a50 code [0x0000000002e14c20, 0x0000000002e15378]

GC Heap History (2 events):
Event: 6.448 GC heap before
{Heap before GC invocations=1 (full 0):
 PSYoungGen      total 28672K, used 24576K [0x00000000e0a00000, 0x00000000e2a00000, 0x0000000100000000)
  eden space 24576K, 100% used [0x00000000e0a00000,0x00000000e2200000,0x00000000e2200000)
  from space 4096K, 0% used [0x00000000e2600000,0x00000000e2600000,0x00000000e2a00000)
  to   space 4096K, 0% used [0x00000000e2200000,0x00000000e2200000,0x00000000e2600000)
 ParOldGen       total 65536K, used 0K [0x00000000a1e00000, 0x00000000a5e00000, 0x00000000e0a00000)
  object space 65536K, 0% used [0x00000000a1e00000,0x00000000a1e00000,0x00000000a5e00000)
 Metaspace       used 9771K, capacity 9929K, committed 10240K, reserved 1058816K
  class space    used 956K, capacity 1017K, committed 1024K, reserved 1048576K
Event: 6.453 GC heap after
Heap after GC invocations=1 (full 0):
 PSYoungGen      total 28672K, used 4074K [0x00000000e0a00000, 0x00000000e2a00000, 0x0000000100000000)
  eden space 24576K, 0% used [0x00000000e0a00000,0x00000000e0a00000,0x00000000e2200000)
  from space 4096K, 99% used [0x00000000e2200000,0x00000000e25faa28,0x00000000e2600000)
  to   space 4096K, 0% used [0x00000000e2600000,0x00000000e2600000,0x00000000e2a00000)
 ParOldGen       total 65536K, used 461K [0x00000000a1e00000, 0x00000000a5e00000, 0x00000000e0a00000)
  object space 65536K, 0% used [0x00000000a1e00000,0x00000000a1e73748,0x00000000a5e00000)
 Metaspace       used 9771K, capacity 9929K, committed 10240K, reserved 1058816K
  class space    used 956K, capacity 1017K, committed 1024K, reserved 1048576K
}

Deoptimization events (10 events):
Event: 1.312 Thread 0x000000005763f800 Uncommon trap: reason=unstable_if action=reinterpret pc=0x0000000002c316d8 method=com.badlogic.gdx.assets.AssetLoadingTask.handleAsyncLoader()V @ 12
Event: 1.422 Thread 0x000000005763f800 Uncommon trap: reason=unstable_if action=reinterpret pc=0x0000000002c01ecc method=java.lang.CharacterDataLatin1.digit(II)I @ 82
Event: 6.773 Thread 0x000000005763f800 Uncommon trap: reason=unstable_if action=reinterpret pc=0x0000000002c1c7dc method=sun.nio.cs.UTF_8$Decoder.decodeArrayLoop(Ljava/nio/ByteBuffer;Ljava/nio/CharBuffer;)Ljava/nio/charset/CoderResult; @ 128
Event: 8.011 Thread 0x000000005763f800 Uncommon trap: reason=unstable_if action=reinterpret pc=0x0000000002d51bbc method=com.mygdx.game.Pause.BodyPart.update(F)V @ 73
Event: 17.269 Thread 0x000000005763f800 Uncommon trap: reason=null_check action=make_not_entrant pc=0x0000000002d05cdc method=com.badlogic.gdx.utils.ObjectMap.get(Ljava/lang/Object;)Ljava/lang/Object; @ 38
Event: 17.272 Thread 0x000000005763f800 Uncommon trap: reason=null_check action=make_not_entrant pc=0x0000000002e00fd4 method=com.badlogic.gdx.utils.ObjectMap.get(Ljava/lang/Object;)Ljava/lang/Object; @ 57
Event: 17.565 Thread 0x000000005763f800 Uncommon trap: reason=array_check action=maybe_recompile pc=0x0000000002da5038 method=com.badlogic.gdx.utils.Array.add(Ljava/lang/Object;)V @ 46
Event: 17.567 Thread 0x000000005763f800 Uncommon trap: reason=array_check action=maybe_recompile pc=0x0000000002da5038 method=com.badlogic.gdx.utils.Array.add(Ljava/lang/Object;)V @ 46
Event: 17.567 Thread 0x000000005763f800 Uncommon trap: reason=array_check action=maybe_recompile pc=0x0000000002da5038 method=com.badlogic.gdx.utils.Array.add(Ljava/lang/Object;)V @ 46
Event: 17.567 Thread 0x000000005763f800 Uncommon trap: reason=array_check action=maybe_recompile pc=0x0000000002da5038 method=com.badlogic.gdx.utils.Array.add(Ljava/lang/Object;)V @ 46

Internal exceptions (10 events):
Event: 6.790 Thread 0x000000005763f800 Exception <a 'java/lang/NullPointerException'> (0x00000000e0e38630) thrown at [C:\src\android\AOSP-openjdk\external\jetbrains\jdk\hotspot\src\share\vm\interpreter\linkResolver.cpp, line 1178]
Event: 6.827 Thread 0x000000005763f800 Exception <a 'java/lang/NullPointerException'> (0x00000000e0edec98) thrown at [C:\src\android\AOSP-openjdk\external\jetbrains\jdk\hotspot\src\share\vm\interpreter\linkResolver.cpp, line 1178]
Event: 6.847 Thread 0x000000005763f800 Exception <a 'java/lang/NullPointerException'> (0x00000000e0f85980) thrown at [C:\src\android\AOSP-openjdk\external\jetbrains\jdk\hotspot\src\share\vm\interpreter\linkResolver.cpp, line 1178]
Event: 6.847 Thread 0x000000005763f800 Exception <a 'java/lang/NullPointerException'> (0x00000000e0f85c60) thrown at [C:\src\android\AOSP-openjdk\external\jetbrains\jdk\hotspot\src\share\vm\interpreter\linkResolver.cpp, line 1178]
Event: 6.847 Thread 0x000000005763f800 Exception <a 'java/lang/NullPointerException'> (0x00000000e0f85f20) thrown at [C:\src\android\AOSP-openjdk\external\jetbrains\jdk\hotspot\src\share\vm\interpreter\linkResolver.cpp, line 1178]
Event: 6.847 Thread 0x000000005763f800 Exception <a 'java/lang/NullPointerException'> (0x00000000e0f86200) thrown at [C:\src\android\AOSP-openjdk\external\jetbrains\jdk\hotspot\src\share\vm\interpreter\linkResolver.cpp, line 1178]
Event: 6.847 Thread 0x000000005763f800 Exception <a 'java/lang/NullPointerException'> (0x00000000e0f864e0) thrown at [C:\src\android\AOSP-openjdk\external\jetbrains\jdk\hotspot\src\share\vm\interpreter\linkResolver.cpp, line 1178]
Event: 6.923 Thread 0x000000005763f800 Exception <a 'java/lang/NullPointerException'> (0x00000000e1223bf0) thrown at [C:\src\android\AOSP-openjdk\external\jetbrains\jdk\hotspot\src\share\vm\interpreter\linkResolver.cpp, line 1178]
Event: 17.269 Thread 0x000000005763f800 Implicit null exception at 0x0000000002d05973 to 0x0000000002d05ccd
Event: 17.272 Thread 0x000000005763f800 Implicit null exception at 0x0000000002e00d72 to 0x0000000002e00fc6

Events (10 events):
Event: 17.565 Thread 0x000000005763f800 DEOPT UNPACKING pc=0x0000000002a1556a sp=0x000000005810f0b0 mode 2
Event: 17.567 Thread 0x000000005763f800 Uncommon trap: trap_request=0xffffffd6 fr.pc=0x0000000002da5038
Event: 17.567 Thread 0x000000005763f800 DEOPT PACKING pc=0x0000000002da5038 sp=0x000000005810f000
Event: 17.567 Thread 0x000000005763f800 DEOPT UNPACKING pc=0x0000000002a1556a sp=0x000000005810ef90 mode 2
Event: 17.567 Thread 0x000000005763f800 Uncommon trap: trap_request=0xffffffd6 fr.pc=0x0000000002da5038
Event: 17.567 Thread 0x000000005763f800 DEOPT PACKING pc=0x0000000002da5038 sp=0x000000005810f000
Event: 17.567 Thread 0x000000005763f800 DEOPT UNPACKING pc=0x0000000002a1556a sp=0x000000005810ef90 mode 2
Event: 17.567 Thread 0x000000005763f800 Uncommon trap: trap_request=0xffffffd6 fr.pc=0x0000000002da5038
Event: 17.567 Thread 0x000000005763f800 DEOPT PACKING pc=0x0000000002da5038 sp=0x000000005810f000
Event: 17.567 Thread 0x000000005763f800 DEOPT UNPACKING pc=0x0000000002a1556a sp=0x000000005810ef90 mode 2


Dynamic libraries:
0x000000013f3d0000 - 0x000000013f401000 	C:\Program Files\Android\Android Studio1\jre\bin\java.exe
0x0000000077510000 - 0x00000000776af000 	C:\Windows\SYSTEM32\ntdll.dll
0x00000000772f0000 - 0x0000000077410000 	C:\Windows\system32\kernel32.dll
0x000007fefd0a0000 - 0x000007fefd107000 	C:\Windows\system32\KERNELBASE.dll
0x000007fefea10000 - 0x000007fefeaeb000 	C:\Windows\system32\ADVAPI32.dll
0x000007feff0c0000 - 0x000007feff15f000 	C:\Windows\system32\msvcrt.dll
0x000007feff710000 - 0x000007feff72f000 	C:\Windows\SYSTEM32\sechost.dll
0x000007feff510000 - 0x000007feff63d000 	C:\Windows\system32\RPCRT4.dll
0x0000000077410000 - 0x000000007750b000 	C:\Windows\system32\USER32.dll
0x000007fefd4f0000 - 0x000007fefd558000 	C:\Windows\system32\GDI32.dll
0x000007fefeed0000 - 0x000007fefeede000 	C:\Windows\system32\LPK.dll
0x000007feff640000 - 0x000007feff70b000 	C:\Windows\system32\USP10.dll
0x000007fefbc00000 - 0x000007fefbdf5000 	C:\Windows\WinSxS\amd64_microsoft.windows.common-controls_6595b64144ccf1df_6.0.7601.24483_none_e372d88f30fbb845\COMCTL32.dll
0x000007feff730000 - 0x000007feff7a1000 	C:\Windows\system32\SHLWAPI.dll
0x000007fefd4c0000 - 0x000007fefd4ee000 	C:\Windows\system32\IMM32.DLL
0x000007fefedc0000 - 0x000007fefeecb000 	C:\Windows\system32\MSCTF.dll
0x0000000074600000 - 0x00000000746d2000 	C:\Program Files\Android\Android Studio1\jre\jre\bin\msvcr100.dll
0x000000006c350000 - 0x000000006cb84000 	C:\Program Files\Android\Android Studio1\jre\jre\bin\server\jvm.dll
0x000007fef90c0000 - 0x000007fef90c9000 	C:\Windows\system32\WSOCK32.dll
0x000007feff7b0000 - 0x000007feff7fd000 	C:\Windows\system32\WS2_32.dll
0x000007fefed90000 - 0x000007fefed98000 	C:\Windows\system32\NSI.dll
0x000007fef94a0000 - 0x000007fef94db000 	C:\Windows\system32\WINMM.dll
0x000007fefc120000 - 0x000007fefc12c000 	C:\Windows\system32\VERSION.dll
0x00000000776b0000 - 0x00000000776b7000 	C:\Windows\system32\PSAPI.DLL
0x000007fefaa40000 - 0x000007fefaa4f000 	C:\Program Files\Android\Android Studio1\jre\jre\bin\verify.dll
0x000007feef630000 - 0x000007feef659000 	C:\Program Files\Android\Android Studio1\jre\jre\bin\java.dll
0x000007fef7420000 - 0x000007fef7436000 	C:\Program Files\Android\Android Studio1\jre\jre\bin\zip.dll
0x000007fefd560000 - 0x000007fefe2eb000 	C:\Windows\system32\SHELL32.dll
0x000007fefeaf0000 - 0x000007fefecf0000 	C:\Windows\system32\ole32.dll
0x000007fefd060000 - 0x000007fefd06f000 	C:\Windows\system32\profapi.dll
0x000007fefc0d0000 - 0x000007fefc0df000 	C:\Program Files\Android\Android Studio1\bin\breakgen64.dll
0x000007feef2d0000 - 0x000007feef2ea000 	C:\Program Files\Android\Android Studio1\jre\jre\bin\net.dll
0x000007fefc7a0000 - 0x000007fefc7f5000 	C:\Windows\system32\mswsock.dll
0x000007fefc790000 - 0x000007fefc797000 	C:\Windows\System32\wship6.dll
0x0000000065580000 - 0x0000000065616000 	C:\Users\Виктор\AppData\Local\Temp\libgdxВиктор\12dfaa03\gdx64.dll
0x000007fefc800000 - 0x000007fefc818000 	C:\Windows\system32\CRYPTSP.dll
0x000007fefc4e0000 - 0x000007fefc527000 	C:\Windows\system32\rsaenh.dll
0x000007fefd080000 - 0x000007fefd09f000 	C:\Windows\system32\USERENV.dll
0x000007fefcf00000 - 0x000007fefcf0f000 	C:\Windows\system32\CRYPTBASE.dll
0x000007fefa9e0000 - 0x000007fefaa07000 	C:\Windows\system32\IPHLPAPI.DLL
0x000007fefa9d0000 - 0x000007fefa9db000 	C:\Windows\system32\WINNSI.DLL
0x000007fefa490000 - 0x000007fefa4a1000 	C:\Windows\system32\dhcpcsvc6.DLL
0x000007fefa370000 - 0x000007fefa388000 	C:\Windows\system32\dhcpcsvc.DLL
0x000007fef5db0000 - 0x000007fef5dc1000 	C:\Program Files\Android\Android Studio1\jre\jre\bin\nio.dll
0x0000000180000000 - 0x0000000180053000 	C:\Users\Виктор\AppData\Local\Temp\libgdxВиктор\dc0f0009\lwjgl64.dll
0x000007fef2f80000 - 0x000007fef309d000 	C:\Windows\system32\OPENGL32.dll
0x000007fef5df0000 - 0x000007fef5e1d000 	C:\Windows\system32\GLU32.dll
0x000007fef03e0000 - 0x000007fef04d1000 	C:\Windows\system32\DDRAW.dll
0x000007fef5de0000 - 0x000007fef5de8000 	C:\Windows\system32\DCIMAN32.dll
0x000007fefeee0000 - 0x000007feff0b7000 	C:\Windows\system32\SETUPAPI.dll
0x000007fefd300000 - 0x000007fefd336000 	C:\Windows\system32\CFGMGR32.dll
0x000007feff430000 - 0x000007feff50c000 	C:\Windows\system32\OLEAUT32.dll
0x000007fefd110000 - 0x000007fefd12a000 	C:\Windows\system32\DEVOBJ.dll
0x000007fefb420000 - 0x000007fefb438000 	C:\Windows\system32\dwmapi.dll
0x000007fefb880000 - 0x000007fefb8d6000 	C:\Windows\system32\uxtheme.dll
0x000007fefd420000 - 0x000007fefd4b9000 	C:\Windows\system32\CLBCatQ.DLL
0x000007fee5c20000 - 0x000007fee6547000 	C:\Windows\system32\ig75icd64.dll
0x000007fef06e0000 - 0x000007fef10bc000 	C:\Windows\system32\igdusc64.dll
0x000007fefafd0000 - 0x000007fefafe1000 	C:\Windows\system32\WTSAPI32.dll
0x000007feed890000 - 0x000007feed92c000 	C:\Windows\system32\mscms.dll
0x000007fef5f90000 - 0x000007fef5fd2000 	C:\Windows\system32\icm32.dll
0x000007fededc0000 - 0x000007fedeee5000 	C:\Windows\system32\dbghelp.dll

VM Arguments:
jvm_args: -Didea.launcher.port=7534 -Didea.launcher.bin.path=C:\Program Files\Android\Android Studio1\bin -Dfile.encoding=UTF-8 
java_command: com.intellij.rt.execution.application.AppMain com.mygdx.game.desktop.DesktopLauncher
java_class_path (initial): C:\Program Files\Android\Android Studio1\jre\jre\lib\charsets.jar;C:\Program Files\Android\Android Studio1\jre\jre\lib\ext\access-bridge-64.jar;C:\Program Files\Android\Android Studio1\jre\jre\lib\ext\cldrdata.jar;C:\Program Files\Android\Android Studio1\jre\jre\lib\ext\dnsns.jar;C:\Program Files\Android\Android Studio1\jre\jre\lib\ext\jaccess.jar;C:\Program Files\Android\Android Studio1\jre\jre\lib\ext\localedata.jar;C:\Program Files\Android\Android Studio1\jre\jre\lib\ext\nashorn.jar;C:\Program Files\Android\Android Studio1\jre\jre\lib\ext\sunec.jar;C:\Program Files\Android\Android Studio1\jre\jre\lib\ext\sunjce_provider.jar;C:\Program Files\Android\Android Studio1\jre\jre\lib\ext\sunmscapi.jar;C:\Program Files\Android\Android Studio1\jre\jre\lib\ext\sunpkcs11.jar;C:\Program Files\Android\Android Studio1\jre\jre\lib\ext\zipfs.jar;C:\Program Files\Android\Android Studio1\jre\jre\lib\jce.jar;C:\Program Files\Android\Android Studio1\jre\jre\lib\jsse.jar;C:\Program Files\Android\Android Studio1\jre\jre\lib\management-agent.jar;C:\Program Files\Android\Android Studio1\jre\jre\lib\resources.jar;C:\Program Files\Android\Android Studio1\jre\jre\lib\rt.jar;D:\game\Battlefront\desktop\build\classes\main;D:\game\Battlefront\core\build\classes\main;C:\Users\Виктор\.gradle\caches\modules-2\files-2.1\com.badlogicgames.gdx\gdx\1.9.8\a35a0076fbce873f9c2d5a1a1c8066244231bb3c\gdx-1.9.8.jar;C:\Users\Виктор\.gradle\caches\modules-2\files-2.1\com.badlogicgames.gdx\gdx-freetype\1.9.8\d92b5b8beab10e3b3c0dd836d4fc186f95e7ea4b\gdx-freetype-1.9.8.jar;C:\Users\Виктор\.gradle\caches\modules-2\files-2.1\com.esotericsoftware\kryonet\2.22.0-RC1\2f25f7250a3096a8d1b8182946f6572d90d280d0\kryonet-2.22.0-RC1.jar;C:\Users\Виктор\.gradle\caches\modules-2\files-2.1\com.esotericsoftware.kryo\kryo\2.24.0\c6b206e80cfd97e66a1364003724491c757b92f\kryo-2.24.0.jar;C:\Users\Виктор\.gradle\caches\modules-2\files-2.1\com.esotericsoftware\jsonbeans\0.7\de977f0875708eddd154f2a4c3a3f58a
Launcher Type: SUN_STANDARD

Environment Variables:
PATH=C:\Program Files\Common Files\Oracle\Java\javapath;C:\Windows\system32;C:\Windows;C:\Windows\System32\Wbem;C:\Windows\System32\WindowsPowerShell\v1.0\
USERNAME=Виктор
OS=Windows_NT
PROCESSOR_IDENTIFIER=Intel64 Family 6 Model 60 Stepping 3, GenuineIntel



---------------  S Y S T E M  ---------------

OS: Windows 7 , 64 bit Build 7601 (6.1.7601.24560)

CPU:total 2 (2 cores per cpu, 1 threads per core) family 6 model 60 stepping 3, cmov, cx8, fxsr, mmx, sse, sse2, sse3, ssse3, sse4.1, sse4.2, popcnt, clmul, erms, lzcnt, tsc, tscinvbit

Memory: 4k page, physical 6166560k(888856k free), swap 12331220k(4653224k free)

vm_info: OpenJDK 64-Bit Server VM (25.76-b03) for windows-amd64 JRE (1.8.0_76-release-b03), built on Jun 29 2016 19:09:20 by "ralucas" with MS VC++ 10.0 (VS2010)

time: Thu Jan 21 13:57:16 2021
elapsed time: 17 seconds (0d 0h 0m 17s)

