#
# A fatal error has been detected by the Java Runtime Environment:
#
#  EXCEPTION_ACCESS_VIOLATION (0xc0000005) at pc=0x000007fee29ea53c, pid=6080, tid=0x0000000000001204
#
# JRE version: OpenJDK Runtime Environment (8.0_76-b03) (build 1.8.0_76-release-b03)
# Java VM: OpenJDK 64-Bit Server VM (25.76-b03 mixed mode windows-amd64 compressed oops)
# Problematic frame:
# C  [ig75icd64.dll+0x9a53c]
#
# Failed to write core dump. Minidumps are not enabled by default on client versions of Windows
#
# If you would like to submit a bug report, please visit:
#   http://bugreport.java.com/bugreport/crash.jsp
# The crash happened outside the Java Virtual Machine in native code.
# See problematic frame for where to report the bug.
#

---------------  T H R E A D  ---------------

Current thread (0x0000000057a09000):  JavaThread "LWJGL Application" [_thread_in_native, id=4612, stack(0x00000000582e0000,0x00000000583e0000)]

siginfo: ExceptionCode=0xc0000005, reading address 0x000000000051e000

Registers:
RAX=0x000000000000068b, RBX=0x000000005dcf2000, RCX=0x0000000000000000, RDX=0x000000000051df88
RSP=0x00000000583dc0b0, RBP=0x00000000583dc1e0, RSI=0x000000005b75fec0, RDI=0x000000005dd26580
R8 =0x00000000000b9144, R9 =0x0000000000001722, R10=0x000000000000068b, R11=0x0000000000000206
R12=0x00000000004e9a88, R13=0x0000000000000000, R14=0x00000000583dc840, R15=0x0000000000000004
RIP=0x000007fee29ea53c, EFLAGS=0x0000000000010203

Top of Stack: (sp=0x00000000583dc0b0)
0x00000000583dc0b0:   0000000040400000 0000000000000000
0x00000000583dc0c0:   0000000040400000 0000000000000000
0x00000000583dc0d0:   0000000000172000 000007fee2bcddd5
0x00000000583dc0e0:   0000000000000002 000000005b75fec0
0x00000000583dc0f0:   00000000583dc1e0 0000000057a09000
0x00000000583dc100:   0000000057a09001 000000006f395bb3
0x00000000583dc110:   00000000583dc840 00000000000b9154
0x00000000583dc120:   00000003558be218 0000000000000000
0x00000000583dc130:   00000000583dc1a0 0000000000196530
0x00000000583dc140:   0000000000000000 000000006f39daa9
0x00000000583dc150:   0000000000001230 0000000015760e78
0x00000000583dc160:   00000000583dc230 0000000057a09000
0x00000000583dc170:   0000000015760e78 000000000228067c
0x00000000583dc180:   0000000000000000 000000005b8f4ea0
0x00000000583dc190:   0000000000000000 0000000000000000
0x00000000583dc1a0:   0000000002280698 000000000000001c 

Instructions: (pc=0x000007fee29ea53c)
0x000007fee29ea51c:   6a 20 41 ff c2 48 83 ef 80 41 8b c2 f3 0f 6f 62
0x000007fee29ea52c:   30 f3 0f 6f 5a 40 f3 0f 6f 52 50 f3 0f 6f 4a 60
0x000007fee29ea53c:   f3 0f 6f 42 70 66 0f e7 7f 80 48 83 ea 80 66 0f
0x000007fee29ea54c:   e7 77 90 66 0f e7 6f a0 66 0f e7 67 b0 66 0f e7 


Register to memory mapping:

RAX=0x000000000000068b is an unknown value
RBX=0x000000005dcf2000 is an unknown value
RCX=0x0000000000000000 is an unknown value
RDX=0x000000000051df88 is an unknown value
RSP=0x00000000583dc0b0 is pointing into the stack for thread: 0x0000000057a09000
RBP=0x00000000583dc1e0 is pointing into the stack for thread: 0x0000000057a09000
RSI=0x000000005b75fec0 is an unknown value
RDI=0x000000005dd26580 is an unknown value
R8 =0x00000000000b9144 is an unknown value
R9 =0x0000000000001722 is an unknown value
R10=0x000000000000068b is an unknown value
R11=0x0000000000000206 is an unknown value
R12=0x00000000004e9a88 is an unknown value
R13=0x0000000000000000 is an unknown value
R14=0x00000000583dc840 is pointing into the stack for thread: 0x0000000057a09000
R15=0x0000000000000004 is an unknown value


Stack: [0x00000000582e0000,0x00000000583e0000],  sp=0x00000000583dc0b0,  free space=1008k
Native frames: (J=compiled Java code, j=interpreted, Vv=VM code, C=native code)
C  [ig75icd64.dll+0x9a53c]
C  [ig75icd64.dll+0x27ddd5]
C  [ig75icd64.dll+0x1b8f29]
C  [ig75icd64.dll+0x28646f]
C  [ig75icd64.dll+0x2861c6]
C  [ig75icd64.dll+0x2a6cf3]
C  [ig75icd64.dll+0x23fb6e]
C  [ig75icd64.dll+0x4b4a1a]
C  [ig75icd64.dll+0x4b4fe1]
C  0x0000000002c8fe1c

Java frames: (J=compiled Java code, j=interpreted, Vv=VM code)
J 1284  org.lwjgl.opengl.GL11.nglDrawElements(IIIJJ)V (0 bytes) @ 0x0000000002c8fd96 [0x0000000002c8fd40+0x56]
J 1589 C2 com.badlogic.gdx.graphics.g2d.SpriteBatch.flush()V (193 bytes) @ 0x0000000002d6ee88 [0x0000000002d6e740+0x748]
J 1615 C2 com.badlogic.gdx.graphics.g2d.SpriteBatch.draw(Lcom/badlogic/gdx/graphics/g2d/TextureRegion;FFFFFFFFF)V (619 bytes) @ 0x0000000002d84b84 [0x0000000002d847c0+0x3c4]
J 1868 C2 com.mygdx.game.Pause.PauseScreen.updateBodyPartAndRender(FLcom/badlogic/gdx/graphics/g2d/SpriteBatch;)V (44 bytes) @ 0x0000000002e9e880 [0x0000000002e9e7a0+0xe0]
J 1860 C1 com.mygdx.game.Pause.PauseScreen.render(F)V (532 bytes) @ 0x0000000002e90f54 [0x0000000002e8efa0+0x1fb4]
J 1633 C1 com.mygdx.game.ZombiKiller.render()V (5 bytes) @ 0x0000000002d870fc [0x0000000002d86ee0+0x21c]
j  com.badlogic.gdx.backends.lwjgl.LwjglApplication.mainLoop()V+698
j  com.badlogic.gdx.backends.lwjgl.LwjglApplication$1.run()V+27
v  ~StubRoutines::call_stub

---------------  P R O C E S S  ---------------

Java Threads: ( => current thread )
  0x000000005848a000 JavaThread "Client" daemon [_thread_blocked, id=5136, stack(0x000000005fca0000,0x000000005fda0000)]
  0x000000005e5c5000 JavaThread "Client" daemon [_thread_in_native, id=6236, stack(0x0000000059880000,0x0000000059980000)]
  0x00000000586f7800 JavaThread "LWJGL Timer" daemon [_thread_blocked, id=5668, stack(0x000000005e030000,0x000000005e130000)]
  0x00000000585f2000 JavaThread "AsynchExecutor-Thread" daemon [_thread_blocked, id=6436, stack(0x000000005b560000,0x000000005b660000)]
  0x00000000021a0000 JavaThread "DestroyJavaVM" [_thread_blocked, id=5076, stack(0x0000000002450000,0x0000000002550000)]
=>0x0000000057a09000 JavaThread "LWJGL Application" [_thread_in_native, id=4612, stack(0x00000000582e0000,0x00000000583e0000)]
  0x00000000577e5000 JavaThread "Monitor Ctrl-Break" daemon [_thread_in_native, id=2612, stack(0x0000000057d20000,0x0000000057e20000)]
  0x000000005612e800 JavaThread "Service Thread" daemon [_thread_blocked, id=5516, stack(0x0000000056de0000,0x0000000056ee0000)]
  0x0000000056106800 JavaThread "C1 CompilerThread1" daemon [_thread_blocked, id=4920, stack(0x0000000057520000,0x0000000057620000)]
  0x00000000560cd000 JavaThread "C2 CompilerThread0" daemon [_thread_blocked, id=6072, stack(0x0000000057350000,0x0000000057450000)]
  0x00000000560cb800 JavaThread "Attach Listener" daemon [_thread_blocked, id=6912, stack(0x00000000571a0000,0x00000000572a0000)]
  0x00000000560c8000 JavaThread "Signal Dispatcher" daemon [_thread_blocked, id=6764, stack(0x0000000056fb0000,0x00000000570b0000)]
  0x00000000560ac800 JavaThread "Finalizer" daemon [_thread_blocked, id=2856, stack(0x0000000056aa0000,0x0000000056ba0000)]
  0x0000000056069000 JavaThread "Reference Handler" daemon [_thread_blocked, id=7236, stack(0x0000000056c10000,0x0000000056d10000)]

Other Threads:
  0x000000005605f000 VMThread [stack: 0x0000000056920000,0x0000000056a20000] [id=7792]
  0x000000005612f000 WatcherThread [stack: 0x0000000057ba0000,0x0000000057ca0000] [id=7660]

VM state:not at safepoint (normal execution)

VM Mutex/Monitor currently owned by a thread: None

Heap:
 PSYoungGen      total 28672K, used 25123K [0x00000000e0a00000, 0x00000000e2a00000, 0x0000000100000000)
  eden space 24576K, 85% used [0x00000000e0a00000,0x00000000e1e8f948,0x00000000e2200000)
  from space 4096K, 99% used [0x00000000e2200000,0x00000000e25f9688,0x00000000e2600000)
  to   space 4096K, 0% used [0x00000000e2600000,0x00000000e2600000,0x00000000e2a00000)
 ParOldGen       total 65536K, used 562K [0x00000000a1e00000, 0x00000000a5e00000, 0x00000000e0a00000)
  object space 65536K, 0% used [0x00000000a1e00000,0x00000000a1e8cab8,0x00000000a5e00000)
 Metaspace       used 11571K, capacity 11733K, committed 11904K, reserved 1060864K
  class space    used 1077K, capacity 1147K, committed 1152K, reserved 1048576K

Card table byte_map: [0x0000000011be0000,0x0000000011ee0000] byte_map_base: 0x00000000116d1000

Marking Bits: (ParMarkBitMap*) 0x000000006fab9d00
 Begin Bits: [0x0000000012520000, 0x0000000013ca8000)
 End Bits:   [0x0000000013ca8000, 0x0000000015430000)

Polling page: 0x00000000001c0000

CodeCache: size=245760Kb used=6764Kb max_used=6773Kb free=238995Kb
 bounds [0x0000000002820000, 0x0000000002ed0000, 0x0000000011820000]
 total_blobs=2466 nmethods=1919 adapters=462
 compilation: enabled

Compilation events (10 events):
Event: 50.911 Thread 0x0000000056106800 nmethod 1916 0x0000000002eb4dd0 code [0x0000000002eb4f20, 0x0000000002eb5030]
Event: 50.911 Thread 0x0000000056106800 1917       3       com.badlogic.gdx.graphics.VertexAttribute::<init> (9 bytes)
Event: 50.912 Thread 0x0000000056106800 nmethod 1917 0x0000000002ebf050 code [0x0000000002ebf1c0, 0x0000000002ebf468]
Event: 50.912 Thread 0x0000000056106800 1918       3       java.nio.DirectByteBuffer::<init> (24 bytes)
Event: 50.912 Thread 0x0000000056106800 nmethod 1918 0x0000000002ebf550 code [0x0000000002ebf6c0, 0x0000000002ebf9a8]
Event: 50.912 Thread 0x00000000560cd000 nmethod 1911 0x0000000002e83bd0 code [0x0000000002e83d00, 0x0000000002e83d78]
Event: 50.912 Thread 0x00000000560cd000 1912       4       com.badlogic.gdx.utils.LongMap::hash2 (22 bytes)
Event: 50.913 Thread 0x00000000560cd000 nmethod 1912 0x0000000002eb4b90 code [0x0000000002eb4cc0, 0x0000000002eb4d38]
Event: 50.916 Thread 0x0000000056106800 1919       3       com.badlogic.gdx.graphics.g2d.BitmapFont$Glyph::setKerning (57 bytes)
Event: 50.917 Thread 0x0000000056106800 nmethod 1919 0x0000000002ec1f90 code [0x0000000002ec2100, 0x0000000002ec2590]

GC Heap History (2 events):
Event: 1.494 GC heap before
{Heap before GC invocations=1 (full 0):
 PSYoungGen      total 28672K, used 24576K [0x00000000e0a00000, 0x00000000e2a00000, 0x0000000100000000)
  eden space 24576K, 100% used [0x00000000e0a00000,0x00000000e2200000,0x00000000e2200000)
  from space 4096K, 0% used [0x00000000e2600000,0x00000000e2600000,0x00000000e2a00000)
  to   space 4096K, 0% used [0x00000000e2200000,0x00000000e2200000,0x00000000e2600000)
 ParOldGen       total 65536K, used 0K [0x00000000a1e00000, 0x00000000a5e00000, 0x00000000e0a00000)
  object space 65536K, 0% used [0x00000000a1e00000,0x00000000a1e00000,0x00000000a5e00000)
 Metaspace       used 9714K, capacity 9865K, committed 9984K, reserved 1058816K
  class space    used 952K, capacity 1017K, committed 1024K, reserved 1048576K
Event: 1.508 GC heap after
Heap after GC invocations=1 (full 0):
 PSYoungGen      total 28672K, used 4069K [0x00000000e0a00000, 0x00000000e2a00000, 0x0000000100000000)
  eden space 24576K, 0% used [0x00000000e0a00000,0x00000000e0a00000,0x00000000e2200000)
  from space 4096K, 99% used [0x00000000e2200000,0x00000000e25f9688,0x00000000e2600000)
  to   space 4096K, 0% used [0x00000000e2600000,0x00000000e2600000,0x00000000e2a00000)
 ParOldGen       total 65536K, used 562K [0x00000000a1e00000, 0x00000000a5e00000, 0x00000000e0a00000)
  object space 65536K, 0% used [0x00000000a1e00000,0x00000000a1e8cab8,0x00000000a5e00000)
 Metaspace       used 9714K, capacity 9865K, committed 9984K, reserved 1058816K
  class space    used 952K, capacity 1017K, committed 1024K, reserved 1048576K
}

Deoptimization events (10 events):
Event: 50.866 Thread 0x0000000057a09000 Uncommon trap: reason=unstable_if action=reinterpret pc=0x0000000002cff28c method=java.nio.channels.spi.AbstractInterruptibleChannel.end(Z)V @ 31
Event: 50.872 Thread 0x0000000057a09000 Uncommon trap: reason=unstable_if action=reinterpret pc=0x0000000002ddd728 method=java.util.HashMap.entrySet()Ljava/util/Set; @ 6
Event: 50.872 Thread 0x0000000057a09000 Uncommon trap: reason=unstable_if action=reinterpret pc=0x0000000002de1d08 method=java.util.HashMap.entrySet()Ljava/util/Set; @ 6
Event: 50.912 Thread 0x0000000057a09000 Uncommon trap: reason=array_check action=maybe_recompile pc=0x0000000002e83a38 method=com.badlogic.gdx.utils.Array.add(Ljava/lang/Object;)V @ 46
Event: 50.915 Thread 0x0000000057a09000 Uncommon trap: reason=class_check action=maybe_recompile pc=0x0000000002ea9810 method=com.badlogic.gdx.graphics.g2d.GlyphLayout.setText(Lcom/badlogic/gdx/graphics/g2d/BitmapFont;Ljava/lang/CharSequence;IILcom/badlogic/gdx/graphics/Color;FIZLjava/lang/Strin«у1uI@
Event: 50.915 Thread 0x0000000057a09000 Uncommon trap: reason=class_check action=maybe_recompile pc=0x0000000002ea9810 method=com.badlogic.gdx.graphics.g2d.GlyphLayout.setText(Lcom/badlogic/gdx/graphics/g2d/BitmapFont;Ljava/lang/CharSequence;IILcom/badlogic/gdx/graphics/Color;FIZLjava/lang/StrinM”ЅuI@
Event: 50.915 Thread 0x0000000057a09000 Uncommon trap: reason=class_check action=maybe_recompile pc=0x0000000002ea9810 method=com.badlogic.gdx.graphics.g2d.GlyphLayout.setText(Lcom/badlogic/gdx/graphics/g2d/BitmapFont;Ljava/lang/CharSequence;IILcom/badlogic/gdx/graphics/Color;FIZLjava/lang/Strin
Event: 50.915 Thread 0x0000000057a09000 Uncommon trap: reason=array_check action=maybe_recompile pc=0x0000000002e83a38 method=com.badlogic.gdx.utils.Array.add(Ljava/lang/Object;)V @ 46
Event: 50.915 Thread 0x0000000057a09000 Uncommon trap: reason=array_check action=maybe_recompile pc=0x0000000002e83a38 method=com.badlogic.gdx.utils.Array.add(Ljava/lang/Object;)V @ 46
Event: 50.915 Thread 0x0000000057a09000 Uncommon trap: reason=array_check action=maybe_recompile pc=0x0000000002e83a38 method=com.badlogic.gdx.utils.Array.add(Ljava/lang/Object;)V @ 46

Internal exceptions (10 events):
Event: 3.175 Thread 0x0000000057a09000 Implicit null exception at 0x0000000002c96f44 to 0x0000000002c96fbb
Event: 3.175 Thread 0x0000000057a09000 Exception <a 'java/lang/NullPointerException'> (0x00000000e111d668) thrown at [C:\src\android\AOSP-openjdk\external\jetbrains\jdk\hotspot\src\share\vm\runtime\sharedRuntime.cpp, line 605]
Event: 3.273 Thread 0x0000000057a09000 Implicit null exception at 0x0000000002c96f44 to 0x0000000002c96fbb
Event: 3.273 Thread 0x0000000057a09000 Exception <a 'java/lang/NullPointerException'> (0x00000000e1123e30) thrown at [C:\src\android\AOSP-openjdk\external\jetbrains\jdk\hotspot\src\share\vm\runtime\sharedRuntime.cpp, line 605]
Event: 9.760 Thread 0x000000005865b000 Implicit null exception at 0x0000000002c75d11 to 0x0000000002c7685d
Event: 9.985 Thread 0x0000000057a09000 Implicit null exception at 0x0000000002b52fe4 to 0x0000000002b534c9
Event: 10.001 Thread 0x0000000057a09000 Implicit null exception at 0x0000000002b52fe4 to 0x0000000002b534c9
Event: 10.018 Thread 0x0000000057a09000 Implicit null exception at 0x0000000002b52fe4 to 0x0000000002b534c9
Event: 40.842 Thread 0x0000000057a09000 Implicit null exception at 0x0000000002b666db to 0x0000000002b66901
Event: 50.872 Thread 0x0000000057a09000 Implicit null exception at 0x0000000002ddcf44 to 0x0000000002ddd715

Events (10 events):
Event: 50.915 Thread 0x0000000057a09000 DEOPT UNPACKING pc=0x000000000286556a sp=0x00000000583ded28 mode 2
Event: 50.915 Thread 0x0000000057a09000 Uncommon trap: trap_request=0xffffffd6 fr.pc=0x0000000002e83a38
Event: 50.915 Thread 0x0000000057a09000 DEOPT PACKING pc=0x0000000002e83a38 sp=0x00000000583defc0
Event: 50.915 Thread 0x0000000057a09000 DEOPT UNPACKING pc=0x000000000286556a sp=0x00000000583def50 mode 2
Event: 50.915 Thread 0x0000000057a09000 Uncommon trap: trap_request=0xffffffd6 fr.pc=0x0000000002e83a38
Event: 50.915 Thread 0x0000000057a09000 DEOPT PACKING pc=0x0000000002e83a38 sp=0x00000000583defc0
Event: 50.915 Thread 0x0000000057a09000 DEOPT UNPACKING pc=0x000000000286556a sp=0x00000000583def50 mode 2
Event: 50.915 Thread 0x0000000057a09000 Uncommon trap: trap_request=0xffffffd6 fr.pc=0x0000000002e83a38
Event: 50.915 Thread 0x0000000057a09000 DEOPT PACKING pc=0x0000000002e83a38 sp=0x00000000583defc0
Event: 50.915 Thread 0x0000000057a09000 DEOPT UNPACKING pc=0x000000000286556a sp=0x00000000583def50 mode 2


Dynamic libraries:
0x000000013f0f0000 - 0x000000013f121000 	C:\Program Files\Android\Android Studio1\jre\bin\java.exe
0x0000000077210000 - 0x00000000773af000 	C:\Windows\SYSTEM32\ntdll.dll
0x0000000076ff0000 - 0x0000000077110000 	C:\Windows\system32\kernel32.dll
0x000007fefcf20000 - 0x000007fefcf87000 	C:\Windows\system32\KERNELBASE.dll
0x000007fefdc80000 - 0x000007fefdd5b000 	C:\Windows\system32\ADVAPI32.dll
0x000007feff460000 - 0x000007feff4ff000 	C:\Windows\system32\msvcrt.dll
0x000007fefd8c0000 - 0x000007fefd8df000 	C:\Windows\SYSTEM32\sechost.dll
0x000007fefe4e0000 - 0x000007fefe60d000 	C:\Windows\system32\RPCRT4.dll
0x0000000077110000 - 0x000000007720b000 	C:\Windows\system32\USER32.dll
0x000007fefe240000 - 0x000007fefe2a8000 	C:\Windows\system32\GDI32.dll
0x000007feff3a0000 - 0x000007feff3ae000 	C:\Windows\system32\LPK.dll
0x000007fefdfe0000 - 0x000007fefe0ab000 	C:\Windows\system32\USP10.dll
0x000007fefb930000 - 0x000007fefbb25000 	C:\Windows\WinSxS\amd64_microsoft.windows.common-controls_6595b64144ccf1df_6.0.7601.24483_none_e372d88f30fbb845\COMCTL32.dll
0x000007fefdd60000 - 0x000007fefddd1000 	C:\Windows\system32\SHLWAPI.dll
0x000007fefd8e0000 - 0x000007fefd90e000 	C:\Windows\system32\IMM32.DLL
0x000007fefe0b0000 - 0x000007fefe1bb000 	C:\Windows\system32\MSCTF.dll
0x0000000074180000 - 0x0000000074252000 	C:\Program Files\Android\Android Studio1\jre\jre\bin\msvcr100.dll
0x000000006f300000 - 0x000000006fb34000 	C:\Program Files\Android\Android Studio1\jre\jre\bin\server\jvm.dll
0x000007fef8790000 - 0x000007fef8799000 	C:\Windows\system32\WSOCK32.dll
0x000007feff3b0000 - 0x000007feff3fd000 	C:\Windows\system32\WS2_32.dll
0x000007fefd910000 - 0x000007fefd918000 	C:\Windows\system32\NSI.dll
0x000007fef8b60000 - 0x000007fef8b9b000 	C:\Windows\system32\WINMM.dll
0x000007fefbe20000 - 0x000007fefbe2c000 	C:\Windows\system32\VERSION.dll
0x00000000773c0000 - 0x00000000773c7000 	C:\Windows\system32\PSAPI.DLL
0x000007feeb300000 - 0x000007feeb30f000 	C:\Program Files\Android\Android Studio1\jre\jre\bin\verify.dll
0x000007feeb2d0000 - 0x000007feeb2f9000 	C:\Program Files\Android\Android Studio1\jre\jre\bin\java.dll
0x000007feeb2b0000 - 0x000007feeb2c6000 	C:\Program Files\Android\Android Studio1\jre\jre\bin\zip.dll
0x000007fefe610000 - 0x000007feff39b000 	C:\Windows\system32\SHELL32.dll
0x000007fefdde0000 - 0x000007fefdfe0000 	C:\Windows\system32\ole32.dll
0x000007fefcd70000 - 0x000007fefcd7f000 	C:\Windows\system32\profapi.dll
0x000007fefa8b0000 - 0x000007fefa8bf000 	C:\Program Files\Android\Android Studio1\bin\breakgen64.dll
0x000007feea750000 - 0x000007feea76a000 	C:\Program Files\Android\Android Studio1\jre\jre\bin\net.dll
0x000007fefc4a0000 - 0x000007fefc4f5000 	C:\Windows\system32\mswsock.dll
0x000007fefc490000 - 0x000007fefc497000 	C:\Windows\System32\wship6.dll
0x0000000065580000 - 0x0000000065616000 	C:\Users\Виктор\AppData\Local\Temp\libgdxВиктор\12dfaa03\gdx64.dll
0x000007fefc500000 - 0x000007fefc518000 	C:\Windows\system32\CRYPTSP.dll
0x000007fefc1e0000 - 0x000007fefc227000 	C:\Windows\system32\rsaenh.dll
0x000007fefcd80000 - 0x000007fefcd9f000 	C:\Windows\system32\USERENV.dll
0x000007fefcbc0000 - 0x000007fefcbcf000 	C:\Windows\system32\CRYPTBASE.dll
0x000007fefa4a0000 - 0x000007fefa4c7000 	C:\Windows\system32\IPHLPAPI.DLL
0x000007fefa460000 - 0x000007fefa46b000 	C:\Windows\system32\WINNSI.DLL
0x000007fefa1a0000 - 0x000007fefa1b1000 	C:\Windows\system32\dhcpcsvc6.DLL
0x000007fefa180000 - 0x000007fefa198000 	C:\Windows\system32\dhcpcsvc.DLL
0x000007feea770000 - 0x000007feea781000 	C:\Program Files\Android\Android Studio1\jre\jre\bin\nio.dll
0x0000000180000000 - 0x0000000180053000 	C:\Users\Виктор\AppData\Local\Temp\libgdxВиктор\dc0f0009\lwjgl64.dll
0x000007feea820000 - 0x000007feea93d000 	C:\Windows\system32\OPENGL32.dll
0x000007feeb310000 - 0x000007feeb33d000 	C:\Windows\system32\GLU32.dll
0x000007fee9af0000 - 0x000007fee9be1000 	C:\Windows\system32\DDRAW.dll
0x000007feec440000 - 0x000007feec448000 	C:\Windows\system32\DCIMAN32.dll
0x000007fefd920000 - 0x000007fefdaf7000 	C:\Windows\system32\SETUPAPI.dll
0x000007fefcec0000 - 0x000007fefcef6000 	C:\Windows\system32\CFGMGR32.dll
0x000007fefdba0000 - 0x000007fefdc7c000 	C:\Windows\system32\OLEAUT32.dll
0x000007fefcf00000 - 0x000007fefcf1a000 	C:\Windows\system32\DEVOBJ.dll
0x000007fefac00000 - 0x000007fefac18000 	C:\Windows\system32\dwmapi.dll
0x000007fefb420000 - 0x000007fefb476000 	C:\Windows\system32\uxtheme.dll
0x000007fefe440000 - 0x000007fefe4d9000 	C:\Windows\system32\CLBCatQ.DLL
0x000007fee2950000 - 0x000007fee3277000 	C:\Windows\system32\ig75icd64.dll
0x000007fef02f0000 - 0x000007fef0ccc000 	C:\Windows\system32\igdusc64.dll
0x000007fefaa00000 - 0x000007fefaa11000 	C:\Windows\system32\WTSAPI32.dll
0x000007fef9300000 - 0x000007fef939c000 	C:\Windows\system32\mscms.dll
0x000007feebb70000 - 0x000007feebbb2000 	C:\Windows\system32\icm32.dll
0x0000000066bc0000 - 0x0000000066c7b000 	C:\Users\Виктор\AppData\Local\Temp\libgdxВиктор\54593449\gdx-box2d64.dll
0x000007fedbd10000 - 0x000007fedbe35000 	C:\Windows\system32\dbghelp.dll

VM Arguments:
jvm_args: -Didea.launcher.port=7536 -Didea.launcher.bin.path=C:\Program Files\Android\Android Studio1\bin -Dfile.encoding=UTF-8 
java_command: com.intellij.rt.execution.application.AppMain com.mygdx.game.desktop.DesktopLauncher
java_class_path (initial): C:\Program Files\Android\Android Studio1\jre\jre\lib\charsets.jar;C:\Program Files\Android\Android Studio1\jre\jre\lib\ext\access-bridge-64.jar;C:\Program Files\Android\Android Studio1\jre\jre\lib\ext\cldrdata.jar;C:\Program Files\Android\Android Studio1\jre\jre\lib\ext\dnsns.jar;C:\Program Files\Android\Android Studio1\jre\jre\lib\ext\jaccess.jar;C:\Program Files\Android\Android Studio1\jre\jre\lib\ext\localedata.jar;C:\Program Files\Android\Android Studio1\jre\jre\lib\ext\nashorn.jar;C:\Program Files\Android\Android Studio1\jre\jre\lib\ext\sunec.jar;C:\Program Files\Android\Android Studio1\jre\jre\lib\ext\sunjce_provider.jar;C:\Program Files\Android\Android Studio1\jre\jre\lib\ext\sunmscapi.jar;C:\Program Files\Android\Android Studio1\jre\jre\lib\ext\sunpkcs11.jar;C:\Program Files\Android\Android Studio1\jre\jre\lib\ext\zipfs.jar;C:\Program Files\Android\Android Studio1\jre\jre\lib\jce.jar;C:\Program Files\Android\Android Studio1\jre\jre\lib\jsse.jar;C:\Program Files\Android\Android Studio1\jre\jre\lib\management-agent.jar;C:\Program Files\Android\Android Studio1\jre\jre\lib\resources.jar;C:\Program Files\Android\Android Studio1\jre\jre\lib\rt.jar;D:\PortableGit\hm_team_battel\desktop\build\classes\main;D:\PortableGit\hm_team_battel\core\build\classes\main;C:\Users\Виктор\.gradle\caches\modules-2\files-2.1\com.badlogicgames.gdx\gdx\1.9.8\a35a0076fbce873f9c2d5a1a1c8066244231bb3c\gdx-1.9.8.jar;C:\Users\Виктор\.gradle\caches\modules-2\files-2.1\com.badlogicgames.gdx\gdx-freetype\1.9.8\d92b5b8beab10e3b3c0dd836d4fc186f95e7ea4b\gdx-freetype-1.9.8.jar;C:\Users\Виктор\.gradle\caches\modules-2\files-2.1\com.esotericsoftware\kryonet\2.22.0-RC1\2f25f7250a3096a8d1b8182946f6572d90d280d0\kryonet-2.22.0-RC1.jar;C:\Users\Виктор\.gradle\caches\modules-2\files-2.1\com.badlogicgames.gdx\gdx-box2d\1.9.8\6f0497b7958216464101adfb7bdc3a0f7b88d6d3\gdx-box2d-1.9.8.jar;C:\Users\Виктор\.gradle\caches\modules-2\files-2.1\com.badlogicgames.ashley\ashley\1.7.0\a7c4
Launcher Type: SUN_STANDARD

Environment Variables:
PATH=C:\Program Files\Common Files\Oracle\Java\javapath;C:\Windows\system32;C:\Windows;C:\Windows\System32\Wbem;C:\Windows\System32\WindowsPowerShell\v1.0\
USERNAME=Виктор
OS=Windows_NT
PROCESSOR_IDENTIFIER=Intel64 Family 6 Model 60 Stepping 3, GenuineIntel



---------------  S Y S T E M  ---------------

OS: Windows 7 , 64 bit Build 7601 (6.1.7601.24560)

CPU:total 2 (2 cores per cpu, 1 threads per core) family 6 model 60 stepping 3, cmov, cx8, fxsr, mmx, sse, sse2, sse3, ssse3, sse4.1, sse4.2, popcnt, clmul, erms, lzcnt, tsc, tscinvbit

Memory: 4k page, physical 6166560k(1235964k free), swap 13247700k(3294592k free)

vm_info: OpenJDK 64-Bit Server VM (25.76-b03) for windows-amd64 JRE (1.8.0_76-release-b03), built on Jun 29 2016 19:09:20 by "ralucas" with MS VC++ 10.0 (VS2010)

time: Wed Mar 31 10:14:16 2021
elapsed time: 51 seconds (0d 0h 0m 51s)

