#
# A fatal error has been detected by the Java Runtime Environment:
#
#  EXCEPTION_ACCESS_VIOLATION (0xc0000005) at pc=0x000007feda47a514, pid=2660, tid=0x0000000000000708
#
# JRE version: OpenJDK Runtime Environment (8.0_76-b03) (build 1.8.0_76-release-b03)
# Java VM: OpenJDK 64-Bit Server VM (25.76-b03 mixed mode windows-amd64 compressed oops)
# Problematic frame:
# C  [ig75icd64.dll+0x9a514]
#
# Failed to write core dump. Minidumps are not enabled by default on client versions of Windows
#
# If you would like to submit a bug report, please visit:
#   http://bugreport.java.com/bugreport/crash.jsp
# The crash happened outside the Java Virtual Machine in native code.
# See problematic frame for where to report the bug.
#

---------------  T H R E A D  ---------------

Current thread (0x0000000057e05000):  JavaThread "LWJGL Application" [_thread_in_native, id=1800, stack(0x0000000058780000,0x0000000058880000)]

siginfo: ExceptionCode=0xc0000005, reading address 0x000000005d1e8000

Registers:
RAX=0x0000000000001389, RBX=0x000000005d410000, RCX=0x0000000000000000, RDX=0x000000005d1e7fe8
RSP=0x000000005887bd90, RBP=0x000000005887bec0, RSI=0x000000005b2406a0, RDI=0x000000005d4ac480
R8 =0x0000000000129804, R9 =0x0000000000002530, R10=0x0000000000001389, R11=0x0000000000000206
R12=0x000000005d14bb68, R13=0x0000000000000000, R14=0x000000005887c520, R15=0x0000000000000004
RIP=0x000007feda47a514, EFLAGS=0x0000000000010287

Top of Stack: (sp=0x000000005887bd90)
0x000000005887bd90:   0000000040400000 0000000000000000
0x000000005887bda0:   0000000040400000 0000000000000000
0x000000005887bdb0:   00000000002d0ec0 000007feda65ddd5
0x000000005887bdc0:   0000000000000002 000000005b2406a0
0x000000005887bdd0:   000000005887bec0 0000000100000001
0x000000005887bde0:   0000000000001401 0000000401010101
0x000000005887bdf0:   000000005887c520 0000000000129814
0x000000005887be00:   0000000300000000 0000000000000000
0x000000005887be10:   300000015b88bba8 00000000002f53f0
0x000000005887be20:   0000000000000000 0000000000000000
0x000000005887be30:   00000000000006f8 000000005b877150
0x000000005887be40:   0000000000000000 0000000100000000
0x000000005887be50:   0000000300000000 0000000056800634
0x000000005887be60:   0000000000000000 000000005b46d010
0x000000005887be70:   0000000000000000 0000000000000000
0x000000005887be80:   0000000056800650 000000000000001c 

Instructions: (pc=0x000007feda47a514)
0x000007feda47a4f4:   49 c1 e9 07 f6 c2 0f 0f 84 b0 00 00 00 4d 85 c9
0x000007feda47a504:   74 6c 66 66 0f 1f 84 00 00 00 00 00 f3 0f 6f 3a
0x000007feda47a514:   f3 0f 6f 72 10 f3 0f 6f 6a 20 41 ff c2 48 83 ef
0x000007feda47a524:   80 41 8b c2 f3 0f 6f 62 30 f3 0f 6f 5a 40 f3 0f 


Register to memory mapping:

RAX=0x0000000000001389 is an unknown value
RBX=0x000000005d410000 is an unknown value
RCX=0x0000000000000000 is an unknown value
RDX=0x000000005d1e7fe8 is an unknown value
RSP=0x000000005887bd90 is pointing into the stack for thread: 0x0000000057e05000
RBP=0x000000005887bec0 is pointing into the stack for thread: 0x0000000057e05000
RSI=0x000000005b2406a0 is an unknown value
RDI=0x000000005d4ac480 is an unknown value
R8 =0x0000000000129804 is an unknown value
R9 =0x0000000000002530 is an unknown value
R10=0x0000000000001389 is an unknown value
R11=0x0000000000000206 is an unknown value
R12=0x000000005d14bb68 is an unknown value
R13=0x0000000000000000 is an unknown value
R14=0x000000005887c520 is pointing into the stack for thread: 0x0000000057e05000
R15=0x0000000000000004 is an unknown value


Stack: [0x0000000058780000,0x0000000058880000],  sp=0x000000005887bd90,  free space=1007k
Native frames: (J=compiled Java code, j=interpreted, Vv=VM code, C=native code)
C  [ig75icd64.dll+0x9a514]
C  [ig75icd64.dll+0x27ddd5]
C  [ig75icd64.dll+0x1b8f29]
C  [ig75icd64.dll+0x28646f]
C  [ig75icd64.dll+0x2861c6]
C  [ig75icd64.dll+0x2a6cf3]
C  [ig75icd64.dll+0x23fb6e]
C  [ig75icd64.dll+0x4b4a1a]
C  [ig75icd64.dll+0x4b4fe1]
C  0x0000000002b6fadc

Java frames: (J=compiled Java code, j=interpreted, Vv=VM code)
J 1143  org.lwjgl.opengl.GL11.nglDrawElements(IIIJJ)V (0 bytes) @ 0x0000000002b6fa56 [0x0000000002b6fa00+0x56]
J 1373 C2 com.badlogic.gdx.graphics.g2d.SpriteBatch.draw(Lcom/badlogic/gdx/graphics/g2d/TextureRegion;FFFFFFFFF)V (619 bytes) @ 0x0000000002c2fca0 [0x0000000002c2f360+0x940]
J 1575 C2 com.mygdx.game.Pause.BodyPart.render(Lcom/badlogic/gdx/graphics/g2d/SpriteBatch;)V (47 bytes) @ 0x0000000002cf6f70 [0x0000000002cf6ec0+0xb0]
J 1600 C1 com.mygdx.game.Pause.PauseScreen.updateBodyPartAndRender(FLcom/badlogic/gdx/graphics/g2d/SpriteBatch;)V (44 bytes) @ 0x0000000002d0a154 [0x0000000002d09d60+0x3f4]
J 1616 C1 com.mygdx.game.Pause.PauseScreen.render(F)V (532 bytes) @ 0x0000000002d14cd4 [0x0000000002d12d20+0x1fb4]
J 1500 C1 com.mygdx.game.ZombiKiller.render()V (5 bytes) @ 0x0000000002cb917c [0x0000000002cb8f60+0x21c]
j  com.badlogic.gdx.backends.lwjgl.LwjglApplication.mainLoop()V+698
j  com.badlogic.gdx.backends.lwjgl.LwjglApplication$1.run()V+27
v  ~StubRoutines::call_stub

---------------  P R O C E S S  ---------------

Java Threads: ( => current thread )
  0x0000000057da8800 JavaThread "Client" daemon [_thread_in_native, id=6420, stack(0x0000000061bf0000,0x0000000061cf0000)]
  0x000000005810a000 JavaThread "LWJGL Timer" daemon [_thread_blocked, id=6500, stack(0x000000005d570000,0x000000005d670000)]
  0x0000000057e84000 JavaThread "AsynchExecutor-Thread" daemon [_thread_blocked, id=4684, stack(0x000000005b6a0000,0x000000005b7a0000)]
  0x00000000020b0000 JavaThread "DestroyJavaVM" [_thread_blocked, id=3296, stack(0x00000000023a0000,0x00000000024a0000)]
=>0x0000000057e05000 JavaThread "LWJGL Application" [_thread_in_native, id=1800, stack(0x0000000058780000,0x0000000058880000)]
  0x00000000575c5800 JavaThread "Monitor Ctrl-Break" daemon [_thread_in_native, id=5112, stack(0x0000000057a80000,0x0000000057b80000)]
  0x00000000560cf000 JavaThread "Service Thread" daemon [_thread_blocked, id=3392, stack(0x0000000056f90000,0x0000000057090000)]
  0x00000000560be000 JavaThread "C1 CompilerThread1" daemon [_thread_blocked, id=7144, stack(0x00000000572b0000,0x00000000573b0000)]
  0x0000000056069800 JavaThread "C2 CompilerThread0" daemon [_thread_blocked, id=4988, stack(0x00000000570d0000,0x00000000571d0000)]
  0x0000000056065800 JavaThread "Attach Listener" daemon [_thread_blocked, id=5512, stack(0x0000000056e90000,0x0000000056f90000)]
  0x0000000056064800 JavaThread "Signal Dispatcher" daemon [_thread_blocked, id=7832, stack(0x0000000056b40000,0x0000000056c40000)]
  0x0000000056050000 JavaThread "Finalizer" daemon [_thread_blocked, id=5252, stack(0x0000000056cd0000,0x0000000056dd0000)]
  0x0000000056007000 JavaThread "Reference Handler" daemon [_thread_blocked, id=6056, stack(0x0000000056a40000,0x0000000056b40000)]

Other Threads:
  0x0000000055ffd000 VMThread [stack: 0x0000000056820000,0x0000000056920000] [id=6848]
  0x00000000573d8800 WatcherThread [stack: 0x0000000057810000,0x0000000057910000] [id=5568]

VM state:not at safepoint (normal execution)

VM Mutex/Monitor currently owned by a thread: None

Heap:
 PSYoungGen      total 28672K, used 18579K [0x00000000e0a00000, 0x00000000e2a00000, 0x0000000100000000)
  eden space 24576K, 59% used [0x00000000e0a00000,0x00000000e182bfe0,0x00000000e2200000)
  from space 4096K, 99% used [0x00000000e2200000,0x00000000e25f8c58,0x00000000e2600000)
  to   space 4096K, 0% used [0x00000000e2600000,0x00000000e2600000,0x00000000e2a00000)
 ParOldGen       total 65536K, used 738K [0x00000000a1e00000, 0x00000000a5e00000, 0x00000000e0a00000)
  object space 65536K, 1% used [0x00000000a1e00000,0x00000000a1eb8830,0x00000000a5e00000)
 Metaspace       used 11004K, capacity 11177K, committed 11392K, reserved 1058816K
  class space    used 1033K, capacity 1115K, committed 1152K, reserved 1048576K

Card table byte_map: [0x0000000011b30000,0x0000000011e30000] byte_map_base: 0x0000000011621000

Marking Bits: (ParMarkBitMap*) 0x000000006c609d00
 Begin Bits: [0x00000000124c0000, 0x0000000013c48000)
 End Bits:   [0x0000000013c48000, 0x00000000153d0000)

Polling page: 0x0000000001c60000

CodeCache: size=245760Kb used=5876Kb max_used=5888Kb free=239883Kb
 bounds [0x0000000002770000, 0x0000000002d40000, 0x0000000011770000]
 total_blobs=2145 nmethods=1647 adapters=413
 compilation: enabled

Compilation events (10 events):
Event: 16.605 Thread 0x0000000056069800 nmethod 1642 0x0000000002d32010 code [0x0000000002d32160, 0x0000000002d32338]
Event: 16.605 Thread 0x0000000056069800 1643       4       com.badlogic.gdx.utils.ObjectMap::get (77 bytes)
Event: 16.605 Thread 0x00000000560be000 1644       3       java.util.ArrayList$SubList$1::hasNext (20 bytes)
Event: 16.606 Thread 0x00000000560be000 nmethod 1644 0x0000000002d31c50 code [0x0000000002d31da0, 0x0000000002d31f70]
Event: 16.607 Thread 0x00000000560be000 1645       3       com.badlogic.gdx.graphics.g2d.BitmapFont$Glyph::setKerning (57 bytes)
Event: 16.608 Thread 0x00000000560be000 nmethod 1645 0x0000000002d31450 code [0x0000000002d315c0, 0x0000000002d31a50]
Event: 16.609 Thread 0x00000000560be000 1647       3       java.util.zip.ZipEntry::<init> (43 bytes)
Event: 16.609 Thread 0x00000000560be000 nmethod 1647 0x0000000002d31050 code [0x0000000002d311a0, 0x0000000002d313b0]
Event: 16.614 Thread 0x0000000056069800 nmethod 1643 0x0000000002d333d0 code [0x0000000002d33560, 0x0000000002d33a98]
Event: 16.615 Thread 0x0000000056069800 1646       4       java.nio.Buffer::<init> (121 bytes)

GC Heap History (2 events):
Event: 1.150 GC heap before
{Heap before GC invocations=1 (full 0):
 PSYoungGen      total 28672K, used 24576K [0x00000000e0a00000, 0x00000000e2a00000, 0x0000000100000000)
  eden space 24576K, 100% used [0x00000000e0a00000,0x00000000e2200000,0x00000000e2200000)
  from space 4096K, 0% used [0x00000000e2600000,0x00000000e2600000,0x00000000e2a00000)
  to   space 4096K, 0% used [0x00000000e2200000,0x00000000e2200000,0x00000000e2600000)
 ParOldGen       total 65536K, used 0K [0x00000000a1e00000, 0x00000000a5e00000, 0x00000000e0a00000)
  object space 65536K, 0% used [0x00000000a1e00000,0x00000000a1e00000,0x00000000a5e00000)
 Metaspace       used 9882K, capacity 9981K, committed 10240K, reserved 1058816K
  class space    used 964K, capacity 1017K, committed 1024K, reserved 1048576K
Event: 1.155 GC heap after
Heap after GC invocations=1 (full 0):
 PSYoungGen      total 28672K, used 4067K [0x00000000e0a00000, 0x00000000e2a00000, 0x0000000100000000)
  eden space 24576K, 0% used [0x00000000e0a00000,0x00000000e0a00000,0x00000000e2200000)
  from space 4096K, 99% used [0x00000000e2200000,0x00000000e25f8c58,0x00000000e2600000)
  to   space 4096K, 0% used [0x00000000e2600000,0x00000000e2600000,0x00000000e2a00000)
 ParOldGen       total 65536K, used 738K [0x00000000a1e00000, 0x00000000a5e00000, 0x00000000e0a00000)
  object space 65536K, 1% used [0x00000000a1e00000,0x00000000a1eb8830,0x00000000a5e00000)
 Metaspace       used 9882K, capacity 9981K, committed 10240K, reserved 1058816K
  class space    used 964K, capacity 1017K, committed 1024K, reserved 1048576K
}

Deoptimization events (10 events):
Event: 5.406 Thread 0x0000000057e05000 Uncommon trap: reason=null_check action=maybe_recompile pc=0x0000000002abab10 method=com.badlogic.gdx.graphics.g2d.SpriteBatch.draw(Lcom/badlogic/gdx/graphics/g2d/TextureRegion;FFFFFFFFF)V @ 24
Event: 11.582 Thread 0x0000000057e05000 Uncommon trap: reason=unstable_if action=reinterpret pc=0x0000000002a91154 method=sun.nio.cs.UTF_8$Decoder.decodeArrayLoop(Ljava/nio/ByteBuffer;Ljava/nio/CharBuffer;)Ljava/nio/charset/CoderResult; @ 128
Event: 11.722 Thread 0x0000000057e05000 Uncommon trap: reason=unstable_if action=reinterpret pc=0x0000000002c9b460 method=com.badlogic.gdx.graphics.g2d.SpriteBatch.flush()V @ 41
Event: 12.773 Thread 0x0000000057e05000 Uncommon trap: reason=unstable_if action=reinterpret pc=0x0000000002cf5f3c method=com.mygdx.game.Pause.BodyPart.update(F)V @ 73
Event: 16.322 Thread 0x0000000057e05000 Uncommon trap: reason=null_check action=make_not_entrant pc=0x0000000002acdd9c method=com.badlogic.gdx.utils.ObjectMap.get(Ljava/lang/Object;)Ljava/lang/Object; @ 38
Event: 16.333 Thread 0x0000000057e05000 Uncommon trap: reason=null_check action=make_not_entrant pc=0x0000000002d2ceb8 method=com.badlogic.gdx.utils.ObjectMap.get(Ljava/lang/Object;)Ljava/lang/Object; @ 57
Event: 16.599 Thread 0x0000000057e05000 Uncommon trap: reason=array_check action=maybe_recompile pc=0x0000000002d0f438 method=com.badlogic.gdx.utils.Array.add(Ljava/lang/Object;)V @ 46
Event: 16.604 Thread 0x0000000057e05000 Uncommon trap: reason=array_check action=maybe_recompile pc=0x0000000002d0f438 method=com.badlogic.gdx.utils.Array.add(Ljava/lang/Object;)V @ 46
Event: 16.604 Thread 0x0000000057e05000 Uncommon trap: reason=array_check action=maybe_recompile pc=0x0000000002d0f438 method=com.badlogic.gdx.utils.Array.add(Ljava/lang/Object;)V @ 46
Event: 16.605 Thread 0x0000000057e05000 Uncommon trap: reason=array_check action=maybe_recompile pc=0x0000000002d0f438 method=com.badlogic.gdx.utils.Array.add(Ljava/lang/Object;)V @ 46

Internal exceptions (10 events):
Event: 2.231 Thread 0x0000000057e05000 Exception <a 'java/lang/NullPointerException'> (0x00000000e0e04dd8) thrown at [C:\src\android\AOSP-openjdk\external\jetbrains\jdk\hotspot\src\share\vm\runtime\sharedRuntime.cpp, line 605]
Event: 2.672 Thread 0x0000000057e05000 Implicit null exception at 0x0000000002b14c04 to 0x0000000002b14c7b
Event: 2.673 Thread 0x0000000057e05000 Exception <a 'java/lang/NullPointerException'> (0x00000000e0e2dc50) thrown at [C:\src\android\AOSP-openjdk\external\jetbrains\jdk\hotspot\src\share\vm\runtime\sharedRuntime.cpp, line 605]
Event: 3.957 Thread 0x0000000057e05000 Implicit null exception at 0x0000000002b14c04 to 0x0000000002b14c7b
Event: 3.957 Thread 0x0000000057e05000 Exception <a 'java/lang/NullPointerException'> (0x00000000e0e979d8) thrown at [C:\src\android\AOSP-openjdk\external\jetbrains\jdk\hotspot\src\share\vm\runtime\sharedRuntime.cpp, line 605]
Event: 5.373 Thread 0x0000000057e05000 Implicit null exception at 0x0000000002aba624 to 0x0000000002abab05
Event: 5.389 Thread 0x0000000057e05000 Implicit null exception at 0x0000000002aba624 to 0x0000000002abab05
Event: 5.406 Thread 0x0000000057e05000 Implicit null exception at 0x0000000002aba624 to 0x0000000002abab05
Event: 16.322 Thread 0x0000000057e05000 Implicit null exception at 0x0000000002acdb8f to 0x0000000002acdd79
Event: 16.333 Thread 0x0000000057e05000 Implicit null exception at 0x0000000002d2cb54 to 0x0000000002d2cea9

Events (10 events):
Event: 16.599 Thread 0x0000000057e05000 DEOPT UNPACKING pc=0x00000000027b556a sp=0x000000005887ed70 mode 2
Event: 16.604 Thread 0x0000000057e05000 Uncommon trap: trap_request=0xffffffd6 fr.pc=0x0000000002d0f438
Event: 16.604 Thread 0x0000000057e05000 DEOPT PACKING pc=0x0000000002d0f438 sp=0x000000005887ecc0
Event: 16.604 Thread 0x0000000057e05000 DEOPT UNPACKING pc=0x00000000027b556a sp=0x000000005887ec50 mode 2
Event: 16.604 Thread 0x0000000057e05000 Uncommon trap: trap_request=0xffffffd6 fr.pc=0x0000000002d0f438
Event: 16.604 Thread 0x0000000057e05000 DEOPT PACKING pc=0x0000000002d0f438 sp=0x000000005887ecc0
Event: 16.604 Thread 0x0000000057e05000 DEOPT UNPACKING pc=0x00000000027b556a sp=0x000000005887ec50 mode 2
Event: 16.605 Thread 0x0000000057e05000 Uncommon trap: trap_request=0xffffffd6 fr.pc=0x0000000002d0f438
Event: 16.605 Thread 0x0000000057e05000 DEOPT PACKING pc=0x0000000002d0f438 sp=0x000000005887ecc0
Event: 16.605 Thread 0x0000000057e05000 DEOPT UNPACKING pc=0x00000000027b556a sp=0x000000005887ec50 mode 2


Dynamic libraries:
0x000000013f220000 - 0x000000013f251000 	C:\Program Files\Android\Android Studio1\jre\bin\java.exe
0x00000000776c0000 - 0x000000007785f000 	C:\Windows\SYSTEM32\ntdll.dll
0x00000000775a0000 - 0x00000000776c0000 	C:\Windows\system32\kernel32.dll
0x000007fefd360000 - 0x000007fefd3c7000 	C:\Windows\system32\KERNELBASE.dll
0x000007feff100000 - 0x000007feff1db000 	C:\Windows\system32\ADVAPI32.dll
0x000007feff1e0000 - 0x000007feff27f000 	C:\Windows\system32\msvcrt.dll
0x000007feff3a0000 - 0x000007feff3bf000 	C:\Windows\SYSTEM32\sechost.dll
0x000007fefe500000 - 0x000007fefe62d000 	C:\Windows\system32\RPCRT4.dll
0x00000000774a0000 - 0x000000007759b000 	C:\Windows\system32\USER32.dll
0x000007feff560000 - 0x000007feff5c8000 	C:\Windows\system32\GDI32.dll
0x000007feff550000 - 0x000007feff55e000 	C:\Windows\system32\LPK.dll
0x000007fefe930000 - 0x000007fefe9fb000 	C:\Windows\system32\USP10.dll
0x000007fefbc10000 - 0x000007fefbe05000 	C:\Windows\WinSxS\amd64_microsoft.windows.common-controls_6595b64144ccf1df_6.0.7601.24483_none_e372d88f30fbb845\COMCTL32.dll
0x000007feff280000 - 0x000007feff2f1000 	C:\Windows\system32\SHLWAPI.dll
0x000007feff5d0000 - 0x000007feff5fe000 	C:\Windows\system32\IMM32.DLL
0x000007fefe360000 - 0x000007fefe46b000 	C:\Windows\system32\MSCTF.dll
0x0000000074790000 - 0x0000000074862000 	C:\Program Files\Android\Android Studio1\jre\jre\bin\msvcr100.dll
0x000000006be50000 - 0x000000006c684000 	C:\Program Files\Android\Android Studio1\jre\jre\bin\server\jvm.dll
0x000007fef8aa0000 - 0x000007fef8aa9000 	C:\Windows\system32\WSOCK32.dll
0x000007fefec00000 - 0x000007fefec4d000 	C:\Windows\system32\WS2_32.dll
0x000007fefe4f0000 - 0x000007fefe4f8000 	C:\Windows\system32\NSI.dll
0x000007fef94e0000 - 0x000007fef951b000 	C:\Windows\system32\WINMM.dll
0x000007fefc2d0000 - 0x000007fefc2dc000 	C:\Windows\system32\VERSION.dll
0x0000000077860000 - 0x0000000077867000 	C:\Windows\system32\PSAPI.DLL
0x000007fef61e0000 - 0x000007fef61ef000 	C:\Program Files\Android\Android Studio1\jre\jre\bin\verify.dll
0x000007fef50a0000 - 0x000007fef50c9000 	C:\Program Files\Android\Android Studio1\jre\jre\bin\java.dll
0x000007feedcc0000 - 0x000007feedcd6000 	C:\Program Files\Android\Android Studio1\jre\jre\bin\zip.dll
0x000007fefd5d0000 - 0x000007fefe35b000 	C:\Windows\system32\SHELL32.dll
0x000007fefea00000 - 0x000007fefec00000 	C:\Windows\system32\ole32.dll
0x000007fefd220000 - 0x000007fefd22f000 	C:\Windows\system32\profapi.dll
0x000007feded20000 - 0x000007feded2f000 	C:\Program Files\Android\Android Studio1\bin\breakgen64.dll
0x000007feeb2d0000 - 0x000007feeb2ea000 	C:\Program Files\Android\Android Studio1\jre\jre\bin\net.dll
0x000007fefc950000 - 0x000007fefc9a5000 	C:\Windows\system32\mswsock.dll
0x000007fefc940000 - 0x000007fefc947000 	C:\Windows\System32\wship6.dll
0x0000000065580000 - 0x0000000065616000 	C:\Users\Виктор\AppData\Local\Temp\libgdxВиктор\12dfaa03\gdx64.dll
0x000007fefc9b0000 - 0x000007fefc9c8000 	C:\Windows\system32\CRYPTSP.dll
0x000007fefc690000 - 0x000007fefc6d7000 	C:\Windows\system32\rsaenh.dll
0x000007fefd230000 - 0x000007fefd24f000 	C:\Windows\system32\USERENV.dll
0x000007fefd0b0000 - 0x000007fefd0bf000 	C:\Windows\system32\CRYPTBASE.dll
0x000007fefab00000 - 0x000007fefab27000 	C:\Windows\system32\IPHLPAPI.DLL
0x000007fefaaf0000 - 0x000007fefaafb000 	C:\Windows\system32\WINNSI.DLL
0x000007fefa690000 - 0x000007fefa6a1000 	C:\Windows\system32\dhcpcsvc6.DLL
0x000007fefa670000 - 0x000007fefa688000 	C:\Windows\system32\dhcpcsvc.DLL
0x000007feeacc0000 - 0x000007feeacd1000 	C:\Program Files\Android\Android Studio1\jre\jre\bin\nio.dll
0x0000000180000000 - 0x0000000180053000 	C:\Users\Виктор\AppData\Local\Temp\libgdxВиктор\dc0f0009\lwjgl64.dll
0x000007fef4a10000 - 0x000007fef4b2d000 	C:\Windows\system32\OPENGL32.dll
0x000007fefaff0000 - 0x000007fefb01d000 	C:\Windows\system32\GLU32.dll
0x000007fef1cb0000 - 0x000007fef1da1000 	C:\Windows\system32\DDRAW.dll
0x000007fefb680000 - 0x000007fefb688000 	C:\Windows\system32\DCIMAN32.dll
0x000007fefe630000 - 0x000007fefe807000 	C:\Windows\system32\SETUPAPI.dll
0x000007fefd2f0000 - 0x000007fefd326000 	C:\Windows\system32\CFGMGR32.dll
0x000007feff600000 - 0x000007feff6dc000 	C:\Windows\system32\OLEAUT32.dll
0x000007fefd5b0000 - 0x000007fefd5ca000 	C:\Windows\system32\DEVOBJ.dll
0x000007fefb5d0000 - 0x000007fefb5e8000 	C:\Windows\system32\dwmapi.dll
0x000007fefba30000 - 0x000007fefba86000 	C:\Windows\system32\uxtheme.dll
0x000007fefe810000 - 0x000007fefe8a9000 	C:\Windows\system32\CLBCatQ.DLL
0x000007feda3e0000 - 0x000007fedad07000 	C:\Windows\system32\ig75icd64.dll
0x000007feef9b0000 - 0x000007fef038c000 	C:\Windows\system32\igdusc64.dll
0x000007fefb1f0000 - 0x000007fefb201000 	C:\Windows\system32\WTSAPI32.dll
0x000007feeace0000 - 0x000007feead7c000 	C:\Windows\system32\mscms.dll
0x000007feddcd0000 - 0x000007feddd12000 	C:\Windows\system32\icm32.dll
0x000007feea640000 - 0x000007feea765000 	C:\Windows\system32\dbghelp.dll

VM Arguments:
jvm_args: -Didea.launcher.port=7534 -Didea.launcher.bin.path=C:\Program Files\Android\Android Studio1\bin -Dfile.encoding=UTF-8 
java_command: com.intellij.rt.execution.application.AppMain com.mygdx.game.desktop.DesktopLauncher
java_class_path (initial): C:\Program Files\Android\Android Studio1\jre\jre\lib\charsets.jar;C:\Program Files\Android\Android Studio1\jre\jre\lib\ext\access-bridge-64.jar;C:\Program Files\Android\Android Studio1\jre\jre\lib\ext\cldrdata.jar;C:\Program Files\Android\Android Studio1\jre\jre\lib\ext\dnsns.jar;C:\Program Files\Android\Android Studio1\jre\jre\lib\ext\jaccess.jar;C:\Program Files\Android\Android Studio1\jre\jre\lib\ext\localedata.jar;C:\Program Files\Android\Android Studio1\jre\jre\lib\ext\nashorn.jar;C:\Program Files\Android\Android Studio1\jre\jre\lib\ext\sunec.jar;C:\Program Files\Android\Android Studio1\jre\jre\lib\ext\sunjce_provider.jar;C:\Program Files\Android\Android Studio1\jre\jre\lib\ext\sunmscapi.jar;C:\Program Files\Android\Android Studio1\jre\jre\lib\ext\sunpkcs11.jar;C:\Program Files\Android\Android Studio1\jre\jre\lib\ext\zipfs.jar;C:\Program Files\Android\Android Studio1\jre\jre\lib\jce.jar;C:\Program Files\Android\Android Studio1\jre\jre\lib\jsse.jar;C:\Program Files\Android\Android Studio1\jre\jre\lib\management-agent.jar;C:\Program Files\Android\Android Studio1\jre\jre\lib\resources.jar;C:\Program Files\Android\Android Studio1\jre\jre\lib\rt.jar;D:\game\Battlefront\desktop\build\classes\main;D:\game\Battlefront\core\build\classes\main;C:\Users\Виктор\.gradle\caches\modules-2\files-2.1\com.badlogicgames.gdx\gdx\1.9.8\a35a0076fbce873f9c2d5a1a1c8066244231bb3c\gdx-1.9.8.jar;C:\Users\Виктор\.gradle\caches\modules-2\files-2.1\com.badlogicgames.gdx\gdx-freetype\1.9.8\d92b5b8beab10e3b3c0dd836d4fc186f95e7ea4b\gdx-freetype-1.9.8.jar;C:\Users\Виктор\.gradle\caches\modules-2\files-2.1\com.esotericsoftware\kryonet\2.22.0-RC1\2f25f7250a3096a8d1b8182946f6572d90d280d0\kryonet-2.22.0-RC1.jar;C:\Users\Виктор\.gradle\caches\modules-2\files-2.1\com.esotericsoftware.kryo\kryo\2.24.0\c6b206e80cfd97e66a1364003724491c757b92f\kryo-2.24.0.jar;C:\Users\Виктор\.gradle\caches\modules-2\files-2.1\com.esotericsoftware\jsonbeans\0.7\de977f0875708eddd154f2a4c3a3f58a
Launcher Type: SUN_STANDARD

Environment Variables:
PATH=C:\Program Files\Common Files\Oracle\Java\javapath;C:\Windows\system32;C:\Windows;C:\Windows\System32\Wbem;C:\Windows\System32\WindowsPowerShell\v1.0\
USERNAME=Виктор
OS=Windows_NT
PROCESSOR_IDENTIFIER=Intel64 Family 6 Model 60 Stepping 3, GenuineIntel



---------------  S Y S T E M  ---------------

OS: Windows 7 , 64 bit Build 7601 (6.1.7601.24560)

CPU:total 2 (2 cores per cpu, 1 threads per core) family 6 model 60 stepping 3, cmov, cx8, fxsr, mmx, sse, sse2, sse3, ssse3, sse4.1, sse4.2, popcnt, clmul, erms, lzcnt, tsc, tscinvbit

Memory: 4k page, physical 6166560k(1884484k free), swap 12331220k(3746384k free)

vm_info: OpenJDK 64-Bit Server VM (25.76-b03) for windows-amd64 JRE (1.8.0_76-release-b03), built on Jun 29 2016 19:09:20 by "ralucas" with MS VC++ 10.0 (VS2010)

time: Wed Mar 17 16:45:30 2021
elapsed time: 16 seconds (0d 0h 0m 16s)

