#
# A fatal error has been detected by the Java Runtime Environment:
#
#  EXCEPTION_ACCESS_VIOLATION (0xc0000005) at pc=0x000007fede52a514, pid=4184, tid=0x000000000000185c
#
# JRE version: OpenJDK Runtime Environment (8.0_76-b03) (build 1.8.0_76-release-b03)
# Java VM: OpenJDK 64-Bit Server VM (25.76-b03 mixed mode windows-amd64 compressed oops)
# Problematic frame:
# C  [ig75icd64.dll+0x9a514]
#
# Failed to write core dump. Minidumps are not enabled by default on client versions of Windows
#
# If you would like to submit a bug report, please visit:
#   http://bugreport.java.com/bugreport/crash.jsp
# The crash happened outside the Java Virtual Machine in native code.
# See problematic frame for where to report the bug.
#

---------------  T H R E A D  ---------------

Current thread (0x0000000057ef3800):  JavaThread "LWJGL Application" [_thread_in_native, id=6236, stack(0x00000000586a0000,0x00000000587a0000)]

siginfo: ExceptionCode=0xc0000005, reading address 0x000000005b928000

Registers:
RAX=0x0000000000001389, RBX=0x000000005d1c0000, RCX=0x0000000000000000, RDX=0x000000005b927fe8
RSP=0x000000005879be50, RBP=0x000000005879bf80, RSI=0x000000005b0dd250, RDI=0x000000005d25c480
R8 =0x00000000001296c4, R9 =0x000000000000252d, R10=0x0000000000001389, R11=0x0000000000000206
R12=0x000000005b88bb68, R13=0x0000000000000000, R14=0x000000005879c5e0, R15=0x0000000000000004
RIP=0x000007fede52a514, EFLAGS=0x0000000000010297

Top of Stack: (sp=0x000000005879be50)
0x000000005879be50:   0000000040400000 0000000000000000
0x000000005879be60:   0000000040400000 0000000000000000
0x000000005879be70:   00000000004147c0 000007fede70ddd5
0x000000005879be80:   0000000000000002 000000005b0dd250
0x000000005879be90:   000000005879bf80 000000005879c850
0x000000005879bea0:   0000000000000001 0000000057ef2340
0x000000005879beb0:   000000005879c5e0 00000000001296d4
0x000000005879bec0:   0000000355514b20 0000000000000000
0x000000005879bed0:   000000001548fb88 0000000000438cf0
0x000000005879bee0:   0000000000000000 00000000154b10f0
0x000000005879bef0:   00000000000027ee 0000000057ef3800
0x000000005879bf00:   0000000057ef3800 000000006c3e5bb3
0x000000005879bf10:   0000000055514b20 0000000002280634
0x000000005879bf20:   0000000000000000 000000005b4edcc0
0x000000005879bf30:   0000000000000000 0000000000000000
0x000000005879bf40:   0000000002280650 000000000000001c 

Instructions: (pc=0x000007fede52a514)
0x000007fede52a4f4:   49 c1 e9 07 f6 c2 0f 0f 84 b0 00 00 00 4d 85 c9
0x000007fede52a504:   74 6c 66 66 0f 1f 84 00 00 00 00 00 f3 0f 6f 3a
0x000007fede52a514:   f3 0f 6f 72 10 f3 0f 6f 6a 20 41 ff c2 48 83 ef
0x000007fede52a524:   80 41 8b c2 f3 0f 6f 62 30 f3 0f 6f 5a 40 f3 0f 


Register to memory mapping:

RAX=0x0000000000001389 is an unknown value
RBX=0x000000005d1c0000 is an unknown value
RCX=0x0000000000000000 is an unknown value
RDX=0x000000005b927fe8 is an unknown value
RSP=0x000000005879be50 is pointing into the stack for thread: 0x0000000057ef3800
RBP=0x000000005879bf80 is pointing into the stack for thread: 0x0000000057ef3800
RSI=0x000000005b0dd250 is an unknown value
RDI=0x000000005d25c480 is an unknown value
R8 =0x00000000001296c4 is an unknown value
R9 =0x000000000000252d is an unknown value
R10=0x0000000000001389 is an unknown value
R11=0x0000000000000206 is an unknown value
R12=0x000000005b88bb68 is an unknown value
R13=0x0000000000000000 is an unknown value
R14=0x000000005879c5e0 is pointing into the stack for thread: 0x0000000057ef3800
R15=0x0000000000000004 is an unknown value


Stack: [0x00000000586a0000,0x00000000587a0000],  sp=0x000000005879be50,  free space=1007k
Native frames: (J=compiled Java code, j=interpreted, Vv=VM code, C=native code)
C  [ig75icd64.dll+0x9a514]
C  [ig75icd64.dll+0x27ddd5]
C  [ig75icd64.dll+0x1b8f29]
C  [ig75icd64.dll+0x28646f]
C  [ig75icd64.dll+0x2861c6]
C  [ig75icd64.dll+0x2a6cf3]
C  [ig75icd64.dll+0x23fb6e]
C  [ig75icd64.dll+0x4b4a1a]
C  [ig75icd64.dll+0x4b4fe1]
C  0x0000000002aab35c

Java frames: (J=compiled Java code, j=interpreted, Vv=VM code)
J 1037  org.lwjgl.opengl.GL11.nglDrawElements(IIIJJ)V (0 bytes) @ 0x0000000002aab2d6 [0x0000000002aab280+0x56]
J 1379 C2 com.badlogic.gdx.graphics.g2d.SpriteBatch.flush()V (193 bytes) @ 0x0000000002bae2fc [0x0000000002baddc0+0x53c]
J 1529 C2 com.badlogic.gdx.graphics.g2d.SpriteBatch.switchTexture(Lcom/badlogic/gdx/graphics/Texture;)V (32 bytes) @ 0x0000000002c317e8 [0x0000000002c317c0+0x28]
J 889 C2 com.badlogic.gdx.graphics.g2d.SpriteBatch.draw(Lcom/badlogic/gdx/graphics/g2d/TextureRegion;FFFFFFFFF)V (619 bytes) @ 0x0000000002a576ac [0x0000000002a57300+0x3ac]
J 1812 C2 com.mygdx.game.Pause.PauseScreen.updateBodyPartAndRender(FLcom/badlogic/gdx/graphics/g2d/SpriteBatch;)V (44 bytes) @ 0x0000000002d16800 [0x0000000002d16720+0xe0]
J 1805 C1 com.mygdx.game.Pause.PauseScreen.render(F)V (532 bytes) @ 0x0000000002d1a6d4 [0x0000000002d18720+0x1fb4]
J 1440 C1 com.mygdx.game.ZombiKiller.render()V (5 bytes) @ 0x0000000002be16fc [0x0000000002be14e0+0x21c]
j  com.badlogic.gdx.backends.lwjgl.LwjglApplication.mainLoop()V+698
j  com.badlogic.gdx.backends.lwjgl.LwjglApplication$1.run()V+27
v  ~StubRoutines::call_stub

---------------  P R O C E S S  ---------------

Java Threads: ( => current thread )
  0x0000000057373800 JavaThread "Client" daemon [_thread_in_native, id=5360, stack(0x0000000061f00000,0x0000000062000000)]
  0x0000000058251800 JavaThread "Client" daemon [_thread_blocked, id=108, stack(0x000000005d390000,0x000000005d490000)]
  0x00000000571ed800 JavaThread "LWJGL Timer" daemon [_thread_blocked, id=6224, stack(0x000000005e020000,0x000000005e120000)]
  0x0000000057f58800 JavaThread "AsynchExecutor-Thread" daemon [_thread_blocked, id=5796, stack(0x000000005b700000,0x000000005b800000)]
  0x0000000002180000 JavaThread "DestroyJavaVM" [_thread_blocked, id=1244, stack(0x0000000002340000,0x0000000002440000)]
=>0x0000000057ef3800 JavaThread "LWJGL Application" [_thread_in_native, id=6236, stack(0x00000000586a0000,0x00000000587a0000)]
  0x000000005738f800 JavaThread "Monitor Ctrl-Break" daemon [_thread_in_native, id=3980, stack(0x0000000057af0000,0x0000000057bf0000)]
  0x0000000055e7d800 JavaThread "Service Thread" daemon [_thread_blocked, id=6100, stack(0x0000000057690000,0x0000000057790000)]
  0x0000000055e7a000 JavaThread "C1 CompilerThread1" daemon [_thread_blocked, id=4604, stack(0x0000000056f10000,0x0000000057010000)]
  0x0000000055e1d000 JavaThread "C2 CompilerThread0" daemon [_thread_blocked, id=3060, stack(0x0000000057080000,0x0000000057180000)]
  0x0000000055e19000 JavaThread "Attach Listener" daemon [_thread_blocked, id=4524, stack(0x0000000056c90000,0x0000000056d90000)]
  0x0000000055e18000 JavaThread "Signal Dispatcher" daemon [_thread_blocked, id=4140, stack(0x0000000056e10000,0x0000000056f10000)]
  0x0000000055e00000 JavaThread "Finalizer" daemon [_thread_blocked, id=3068, stack(0x0000000056b60000,0x0000000056c60000)]
  0x0000000055db7000 JavaThread "Reference Handler" daemon [_thread_blocked, id=4668, stack(0x0000000056850000,0x0000000056950000)]

Other Threads:
  0x0000000055dad000 VMThread [stack: 0x0000000056950000,0x0000000056a50000] [id=7012]
  0x0000000055e7f000 WatcherThread [stack: 0x0000000057880000,0x0000000057980000] [id=6164]

VM state:not at safepoint (normal execution)

VM Mutex/Monitor currently owned by a thread: None

Heap:
 PSYoungGen      total 28672K, used 23429K [0x00000000e0a00000, 0x00000000e2a00000, 0x0000000100000000)
  eden space 24576K, 78% used [0x00000000e0a00000,0x00000000e1ce2950,0x00000000e2200000)
  from space 4096K, 99% used [0x00000000e2200000,0x00000000e25fec28,0x00000000e2600000)
  to   space 4096K, 0% used [0x00000000e2600000,0x00000000e2600000,0x00000000e2a00000)
 ParOldGen       total 65536K, used 429K [0x00000000a1e00000, 0x00000000a5e00000, 0x00000000e0a00000)
  object space 65536K, 0% used [0x00000000a1e00000,0x00000000a1e6b7a0,0x00000000a5e00000)
 Metaspace       used 11050K, capacity 11189K, committed 11392K, reserved 1058816K
  class space    used 1034K, capacity 1115K, committed 1152K, reserved 1048576K

Card table byte_map: [0x0000000011ad0000,0x0000000011dd0000] byte_map_base: 0x00000000115c1000

Marking Bits: (ParMarkBitMap*) 0x000000006cb09d00
 Begin Bits: [0x0000000012270000, 0x00000000139f8000)
 End Bits:   [0x00000000139f8000, 0x0000000015180000)

Polling page: 0x0000000000140000

CodeCache: size=245760Kb used=6304Kb max_used=6309Kb free=239455Kb
 bounds [0x0000000002710000, 0x0000000002d40000, 0x0000000011710000]
 total_blobs=2324 nmethods=1826 adapters=413
 compilation: enabled

Compilation events (10 events):
Event: 97.512 Thread 0x0000000055e7a000 1838       3       com.badlogic.gdx.graphics.Color::<init> (31 bytes)
Event: 97.513 Thread 0x0000000055e7a000 nmethod 1838 0x0000000002d253d0 code [0x0000000002d25540, 0x0000000002d25748]
Event: 97.513 Thread 0x0000000055e7a000 1839       3       java.util.ArrayList$SubList$1::hasNext (20 bytes)
Event: 97.513 Thread 0x0000000055e7a000 nmethod 1839 0x0000000002d28810 code [0x0000000002d28960, 0x0000000002d28b30]
Event: 97.514 Thread 0x0000000055e1d000 1840       4       java.nio.Buffer::<init> (121 bytes)
Event: 97.514 Thread 0x0000000055e1d000 nmethod 1840 0x0000000002d26e50 code [0x0000000002d26fa0, 0x0000000002d27138]
Event: 97.515 Thread 0x0000000055e7a000 1841       3       com.badlogic.gdx.graphics.g2d.BitmapFont$Glyph::setKerning (57 bytes)
Event: 97.515 Thread 0x0000000055e7a000 nmethod 1841 0x0000000002d26650 code [0x0000000002d267c0, 0x0000000002d26c50]
Event: 97.516 Thread 0x0000000055e7a000 1842       3       com.badlogic.gdx.graphics.GLTexture::bind (17 bytes)
Event: 97.516 Thread 0x0000000055e7a000 nmethod 1842 0x0000000002d27790 code [0x0000000002d27980, 0x0000000002d281b8]

GC Heap History (2 events):
Event: 6.583 GC heap before
{Heap before GC invocations=1 (full 0):
 PSYoungGen      total 28672K, used 24576K [0x00000000e0a00000, 0x00000000e2a00000, 0x0000000100000000)
  eden space 24576K, 100% used [0x00000000e0a00000,0x00000000e2200000,0x00000000e2200000)
  from space 4096K, 0% used [0x00000000e2600000,0x00000000e2600000,0x00000000e2a00000)
  to   space 4096K, 0% used [0x00000000e2200000,0x00000000e2200000,0x00000000e2600000)
 ParOldGen       total 65536K, used 0K [0x00000000a1e00000, 0x00000000a5e00000, 0x00000000e0a00000)
  object space 65536K, 0% used [0x00000000a1e00000,0x00000000a1e00000,0x00000000a5e00000)
 Metaspace       used 9787K, capacity 9929K, committed 10240K, reserved 1058816K
  class space    used 956K, capacity 1017K, committed 1024K, reserved 1048576K
Event: 6.588 GC heap after
Heap after GC invocations=1 (full 0):
 PSYoungGen      total 28672K, used 4091K [0x00000000e0a00000, 0x00000000e2a00000, 0x0000000100000000)
  eden space 24576K, 0% used [0x00000000e0a00000,0x00000000e0a00000,0x00000000e2200000)
  from space 4096K, 99% used [0x00000000e2200000,0x00000000e25fec28,0x00000000e2600000)
  to   space 4096K, 0% used [0x00000000e2600000,0x00000000e2600000,0x00000000e2a00000)
 ParOldGen       total 65536K, used 429K [0x00000000a1e00000, 0x00000000a5e00000, 0x00000000e0a00000)
  object space 65536K, 0% used [0x00000000a1e00000,0x00000000a1e6b7a0,0x00000000a5e00000)
 Metaspace       used 9787K, capacity 9929K, committed 10240K, reserved 1058816K
  class space    used 956K, capacity 1017K, committed 1024K, reserved 1048576K
}

Deoptimization events (10 events):
Event: 92.502 Thread 0x0000000057ef3800 Uncommon trap: reason=unstable_if action=reinterpret pc=0x0000000002ccc6d0 method=java.nio.channels.spi.AbstractInterruptibleChannel.begin()V @ 4
Event: 97.508 Thread 0x0000000057ef3800 Uncommon trap: reason=unstable_if action=reinterpret pc=0x0000000002c33df4 method=java.util.HashMap.entrySet()Ljava/util/Set; @ 6
Event: 97.508 Thread 0x0000000057ef3800 Uncommon trap: reason=unstable_if action=reinterpret pc=0x0000000002b5d248 method=java.util.HashMap.entrySet()Ljava/util/Set; @ 6
Event: 97.510 Thread 0x0000000057ef3800 Uncommon trap: reason=array_check action=maybe_recompile pc=0x0000000002d00678 method=com.badlogic.gdx.utils.Array.add(Ljava/lang/Object;)V @ 46
Event: 97.513 Thread 0x0000000057ef3800 Uncommon trap: reason=class_check action=maybe_recompile pc=0x0000000002d2cdc0 method=com.badlogic.gdx.graphics.g2d.GlyphLayout.setText(Lcom/badlogic/gdx/graphics/g2d/BitmapFont;Ljava/lang/CharSequence;IILcom/badlogic/gdx/graphics/Color;FIZLjava/lang/StrinоBdО`X@
Event: 97.513 Thread 0x0000000057ef3800 Uncommon trap: reason=class_check action=maybe_recompile pc=0x0000000002d2cdc0 method=com.badlogic.gdx.graphics.g2d.GlyphLayout.setText(Lcom/badlogic/gdx/graphics/g2d/BitmapFont;Ljava/lang/CharSequence;IILcom/badlogic/gdx/graphics/Color;FIZLjava/lang/Strinђ‚ОгО`X@
Event: 97.513 Thread 0x0000000057ef3800 Uncommon trap: reason=class_check action=maybe_recompile pc=0x0000000002d2cdc0 method=com.badlogic.gdx.graphics.g2d.GlyphLayout.setText(Lcom/badlogic/gdx/graphics/g2d/BitmapFont;Ljava/lang/CharSequence;IILcom/badlogic/gdx/graphics/Color;FIZLjava/lang/StrinNq¶П`X@
Event: 97.513 Thread 0x0000000057ef3800 Uncommon trap: reason=array_check action=maybe_recompile pc=0x0000000002d00678 method=com.badlogic.gdx.utils.Array.add(Ljava/lang/Object;)V @ 46
Event: 97.513 Thread 0x0000000057ef3800 Uncommon trap: reason=array_check action=maybe_recompile pc=0x0000000002d00678 method=com.badlogic.gdx.utils.Array.add(Ljava/lang/Object;)V @ 46
Event: 97.513 Thread 0x0000000057ef3800 Uncommon trap: reason=array_check action=maybe_recompile pc=0x0000000002d00678 method=com.badlogic.gdx.utils.Array.add(Ljava/lang/Object;)V @ 46

Internal exceptions (10 events):
Event: 0.699 Thread 0x0000000002180000 Exception <a 'org/lwjgl/LWJGLException'> (0x00000000e0f4b058) thrown at [C:\src\android\AOSP-openjdk\external\jetbrains\jdk\hotspot\src\share\vm\prims\jni.cpp, line 709]
Event: 1.489 Thread 0x0000000057ef3800 Exception <a 'java/lang/ArrayIndexOutOfBoundsException': 18> (0x00000000e1e21468) thrown at [C:\src\android\AOSP-openjdk\external\jetbrains\jdk\hotspot\src\share\vm\interpreter\interpreterRuntime.cpp, line 366]
Event: 1.534 Thread 0x0000000057ef3800 Exception <a 'java/lang/NoSuchFieldError': method resolution failed> (0x00000000e1fc47b0) thrown at [C:\src\android\AOSP-openjdk\external\jetbrains\jdk\hotspot\src\share\vm\prims\methodHandles.cpp, line 1146]
Event: 1.540 Thread 0x0000000057ef3800 Exception <a 'java/lang/NoSuchFieldError': method resolution failed> (0x00000000e1fd1e70) thrown at [C:\src\android\AOSP-openjdk\external\jetbrains\jdk\hotspot\src\share\vm\prims\methodHandles.cpp, line 1146]
Event: 6.643 Thread 0x0000000057ef3800 Exception <a 'java/lang/NullPointerException'> (0x00000000e0d075c0) thrown at [C:\src\android\AOSP-openjdk\external\jetbrains\jdk\hotspot\src\share\vm\interpreter\linkResolver.cpp, line 1178]
Event: 6.665 Thread 0x0000000057ff0000 Exception <a 'java/lang/NullPointerException'> (0x00000000e0dcea90) thrown at [C:\src\android\AOSP-openjdk\external\jetbrains\jdk\hotspot\src\share\vm\interpreter\linkResolver.cpp, line 1178]
Event: 6.703 Thread 0x0000000057ef3800 Exception <a 'java/lang/NullPointerException'> (0x00000000e0e458f0) thrown at [C:\src\android\AOSP-openjdk\external\jetbrains\jdk\hotspot\src\share\vm\interpreter\linkResolver.cpp, line 1178]
Event: 92.498 Thread 0x0000000057ef3800 Implicit null exception at 0x0000000002a4adc2 to 0x0000000002a4afc1
Event: 92.501 Thread 0x0000000057ef3800 Implicit null exception at 0x0000000002845583 to 0x00000000028457dd
Event: 97.508 Thread 0x0000000057ef3800 Implicit null exception at 0x0000000002c335c5 to 0x0000000002c33dc9

Events (10 events):
Event: 97.513 Thread 0x0000000057ef3800 DEOPT UNPACKING pc=0x000000000275556a sp=0x000000005879eae8 mode 2
Event: 97.513 Thread 0x0000000057ef3800 Uncommon trap: trap_request=0xffffffd6 fr.pc=0x0000000002d00678
Event: 97.513 Thread 0x0000000057ef3800 DEOPT PACKING pc=0x0000000002d00678 sp=0x000000005879ed80
Event: 97.513 Thread 0x0000000057ef3800 DEOPT UNPACKING pc=0x000000000275556a sp=0x000000005879ed10 mode 2
Event: 97.513 Thread 0x0000000057ef3800 Uncommon trap: trap_request=0xffffffd6 fr.pc=0x0000000002d00678
Event: 97.513 Thread 0x0000000057ef3800 DEOPT PACKING pc=0x0000000002d00678 sp=0x000000005879ed80
Event: 97.513 Thread 0x0000000057ef3800 DEOPT UNPACKING pc=0x000000000275556a sp=0x000000005879ed10 mode 2
Event: 97.513 Thread 0x0000000057ef3800 Uncommon trap: trap_request=0xffffffd6 fr.pc=0x0000000002d00678
Event: 97.513 Thread 0x0000000057ef3800 DEOPT PACKING pc=0x0000000002d00678 sp=0x000000005879ed80
Event: 97.513 Thread 0x0000000057ef3800 DEOPT UNPACKING pc=0x000000000275556a sp=0x000000005879ed10 mode 2


Dynamic libraries:
0x000000013f590000 - 0x000000013f5c1000 	C:\Program Files\Android\Android Studio1\jre\bin\java.exe
0x0000000077510000 - 0x00000000776af000 	C:\Windows\SYSTEM32\ntdll.dll
0x00000000772f0000 - 0x0000000077410000 	C:\Windows\system32\kernel32.dll
0x000007fefd0a0000 - 0x000007fefd107000 	C:\Windows\system32\KERNELBASE.dll
0x000007fefea10000 - 0x000007fefeaeb000 	C:\Windows\system32\ADVAPI32.dll
0x000007feff0c0000 - 0x000007feff15f000 	C:\Windows\system32\msvcrt.dll
0x000007feff710000 - 0x000007feff72f000 	C:\Windows\SYSTEM32\sechost.dll
0x000007feff510000 - 0x000007feff63d000 	C:\Windows\system32\RPCRT4.dll
0x0000000077410000 - 0x000000007750b000 	C:\Windows\system32\USER32.dll
0x000007fefd4f0000 - 0x000007fefd558000 	C:\Windows\system32\GDI32.dll
0x000007fefeed0000 - 0x000007fefeede000 	C:\Windows\system32\LPK.dll
0x000007feff640000 - 0x000007feff70b000 	C:\Windows\system32\USP10.dll
0x000007fefbc00000 - 0x000007fefbdf5000 	C:\Windows\WinSxS\amd64_microsoft.windows.common-controls_6595b64144ccf1df_6.0.7601.24483_none_e372d88f30fbb845\COMCTL32.dll
0x000007feff730000 - 0x000007feff7a1000 	C:\Windows\system32\SHLWAPI.dll
0x000007fefd4c0000 - 0x000007fefd4ee000 	C:\Windows\system32\IMM32.DLL
0x000007fefedc0000 - 0x000007fefeecb000 	C:\Windows\system32\MSCTF.dll
0x00000000747c0000 - 0x0000000074892000 	C:\Program Files\Android\Android Studio1\jre\jre\bin\msvcr100.dll
0x000000006c350000 - 0x000000006cb84000 	C:\Program Files\Android\Android Studio1\jre\jre\bin\server\jvm.dll
0x000007fef90c0000 - 0x000007fef90c9000 	C:\Windows\system32\WSOCK32.dll
0x000007feff7b0000 - 0x000007feff7fd000 	C:\Windows\system32\WS2_32.dll
0x000007fefed90000 - 0x000007fefed98000 	C:\Windows\system32\NSI.dll
0x000007fef94a0000 - 0x000007fef94db000 	C:\Windows\system32\WINMM.dll
0x000007fefc120000 - 0x000007fefc12c000 	C:\Windows\system32\VERSION.dll
0x00000000776b0000 - 0x00000000776b7000 	C:\Windows\system32\PSAPI.DLL
0x000007fefc030000 - 0x000007fefc03f000 	C:\Program Files\Android\Android Studio1\jre\jre\bin\verify.dll
0x000007fefaa50000 - 0x000007fefaa79000 	C:\Program Files\Android\Android Studio1\jre\jre\bin\java.dll
0x000007fef73b0000 - 0x000007fef73c6000 	C:\Program Files\Android\Android Studio1\jre\jre\bin\zip.dll
0x000007fefd560000 - 0x000007fefe2eb000 	C:\Windows\system32\SHELL32.dll
0x000007fefeaf0000 - 0x000007fefecf0000 	C:\Windows\system32\ole32.dll
0x000007fefd060000 - 0x000007fefd06f000 	C:\Windows\system32\profapi.dll
0x000007fefc090000 - 0x000007fefc09f000 	C:\Program Files\Android\Android Studio1\bin\breakgen64.dll
0x000007fef7420000 - 0x000007fef743a000 	C:\Program Files\Android\Android Studio1\jre\jre\bin\net.dll
0x000007fefc7a0000 - 0x000007fefc7f5000 	C:\Windows\system32\mswsock.dll
0x000007fefc790000 - 0x000007fefc797000 	C:\Windows\System32\wship6.dll
0x0000000065580000 - 0x0000000065616000 	C:\Users\Виктор\AppData\Local\Temp\libgdxВиктор\12dfaa03\gdx64.dll
0x000007fefc800000 - 0x000007fefc818000 	C:\Windows\system32\CRYPTSP.dll
0x000007fefc4e0000 - 0x000007fefc527000 	C:\Windows\system32\rsaenh.dll
0x000007fefd080000 - 0x000007fefd09f000 	C:\Windows\system32\USERENV.dll
0x000007fefcf00000 - 0x000007fefcf0f000 	C:\Windows\system32\CRYPTBASE.dll
0x000007fefa9e0000 - 0x000007fefaa07000 	C:\Windows\system32\IPHLPAPI.DLL
0x000007fefa9d0000 - 0x000007fefa9db000 	C:\Windows\system32\WINNSI.DLL
0x000007fefa490000 - 0x000007fefa4a1000 	C:\Windows\system32\dhcpcsvc6.DLL
0x000007fefa370000 - 0x000007fefa388000 	C:\Windows\system32\dhcpcsvc.DLL
0x000007fef6f40000 - 0x000007fef6f51000 	C:\Program Files\Android\Android Studio1\jre\jre\bin\nio.dll
0x0000000180000000 - 0x0000000180053000 	C:\Users\Виктор\AppData\Local\Temp\libgdxВиктор\dc0f0009\lwjgl64.dll
0x000007fef2f80000 - 0x000007fef309d000 	C:\Windows\system32\OPENGL32.dll
0x000007fef5df0000 - 0x000007fef5e1d000 	C:\Windows\system32\GLU32.dll
0x000007fef03e0000 - 0x000007fef04d1000 	C:\Windows\system32\DDRAW.dll
0x000007fef5de0000 - 0x000007fef5de8000 	C:\Windows\system32\DCIMAN32.dll
0x000007fefeee0000 - 0x000007feff0b7000 	C:\Windows\system32\SETUPAPI.dll
0x000007fefd300000 - 0x000007fefd336000 	C:\Windows\system32\CFGMGR32.dll
0x000007feff430000 - 0x000007feff50c000 	C:\Windows\system32\OLEAUT32.dll
0x000007fefd110000 - 0x000007fefd12a000 	C:\Windows\system32\DEVOBJ.dll
0x000007fefb420000 - 0x000007fefb438000 	C:\Windows\system32\dwmapi.dll
0x000007fefb880000 - 0x000007fefb8d6000 	C:\Windows\system32\uxtheme.dll
0x000007fefd420000 - 0x000007fefd4b9000 	C:\Windows\system32\CLBCatQ.DLL
0x000007fede490000 - 0x000007fededb7000 	C:\Windows\system32\ig75icd64.dll
0x000007fef06e0000 - 0x000007fef10bc000 	C:\Windows\system32\igdusc64.dll
0x000007fefafd0000 - 0x000007fefafe1000 	C:\Windows\system32\WTSAPI32.dll
0x000007feed160000 - 0x000007feed1fc000 	C:\Windows\system32\mscms.dll
0x000007fef66c0000 - 0x000007fef6702000 	C:\Windows\system32\icm32.dll
0x000007fededc0000 - 0x000007fedeee5000 	C:\Windows\system32\dbghelp.dll

VM Arguments:
jvm_args: -Didea.launcher.port=7532 -Didea.launcher.bin.path=C:\Program Files\Android\Android Studio1\bin -Dfile.encoding=UTF-8 
java_command: com.intellij.rt.execution.application.AppMain com.mygdx.game.desktop.DesktopLauncher
java_class_path (initial): C:\Program Files\Android\Android Studio1\jre\jre\lib\charsets.jar;C:\Program Files\Android\Android Studio1\jre\jre\lib\ext\access-bridge-64.jar;C:\Program Files\Android\Android Studio1\jre\jre\lib\ext\cldrdata.jar;C:\Program Files\Android\Android Studio1\jre\jre\lib\ext\dnsns.jar;C:\Program Files\Android\Android Studio1\jre\jre\lib\ext\jaccess.jar;C:\Program Files\Android\Android Studio1\jre\jre\lib\ext\localedata.jar;C:\Program Files\Android\Android Studio1\jre\jre\lib\ext\nashorn.jar;C:\Program Files\Android\Android Studio1\jre\jre\lib\ext\sunec.jar;C:\Program Files\Android\Android Studio1\jre\jre\lib\ext\sunjce_provider.jar;C:\Program Files\Android\Android Studio1\jre\jre\lib\ext\sunmscapi.jar;C:\Program Files\Android\Android Studio1\jre\jre\lib\ext\sunpkcs11.jar;C:\Program Files\Android\Android Studio1\jre\jre\lib\ext\zipfs.jar;C:\Program Files\Android\Android Studio1\jre\jre\lib\jce.jar;C:\Program Files\Android\Android Studio1\jre\jre\lib\jsse.jar;C:\Program Files\Android\Android Studio1\jre\jre\lib\management-agent.jar;C:\Program Files\Android\Android Studio1\jre\jre\lib\resources.jar;C:\Program Files\Android\Android Studio1\jre\jre\lib\rt.jar;D:\game\Battlefront\desktop\build\classes\main;D:\game\Battlefront\core\build\classes\main;C:\Users\Виктор\.gradle\caches\modules-2\files-2.1\com.badlogicgames.gdx\gdx\1.9.8\a35a0076fbce873f9c2d5a1a1c8066244231bb3c\gdx-1.9.8.jar;C:\Users\Виктор\.gradle\caches\modules-2\files-2.1\com.badlogicgames.gdx\gdx-freetype\1.9.8\d92b5b8beab10e3b3c0dd836d4fc186f95e7ea4b\gdx-freetype-1.9.8.jar;C:\Users\Виктор\.gradle\caches\modules-2\files-2.1\com.esotericsoftware\kryonet\2.22.0-RC1\2f25f7250a3096a8d1b8182946f6572d90d280d0\kryonet-2.22.0-RC1.jar;C:\Users\Виктор\.gradle\caches\modules-2\files-2.1\com.esotericsoftware.kryo\kryo\2.24.0\c6b206e80cfd97e66a1364003724491c757b92f\kryo-2.24.0.jar;C:\Users\Виктор\.gradle\caches\modules-2\files-2.1\com.esotericsoftware\jsonbeans\0.7\de977f0875708eddd154f2a4c3a3f58a
Launcher Type: SUN_STANDARD

Environment Variables:
PATH=C:\Program Files\Common Files\Oracle\Java\javapath;C:\Windows\system32;C:\Windows;C:\Windows\System32\Wbem;C:\Windows\System32\WindowsPowerShell\v1.0\
USERNAME=Виктор
OS=Windows_NT
PROCESSOR_IDENTIFIER=Intel64 Family 6 Model 60 Stepping 3, GenuineIntel



---------------  S Y S T E M  ---------------

OS: Windows 7 , 64 bit Build 7601 (6.1.7601.24560)

CPU:total 2 (2 cores per cpu, 1 threads per core) family 6 model 60 stepping 3, cmov, cx8, fxsr, mmx, sse, sse2, sse3, ssse3, sse4.1, sse4.2, popcnt, clmul, erms, lzcnt, tsc, tscinvbit

Memory: 4k page, physical 6166560k(584492k free), swap 12331220k(4460192k free)

vm_info: OpenJDK 64-Bit Server VM (25.76-b03) for windows-amd64 JRE (1.8.0_76-release-b03), built on Jun 29 2016 19:09:20 by "ralucas" with MS VC++ 10.0 (VS2010)

time: Fri Jan 22 13:59:35 2021
elapsed time: 97 seconds (0d 0h 1m 37s)

